<?xml version="1.0" encoding="utf-8"?>
<CoverageSession xmlns:xsd="http://www.w3.org/2001/XMLSchema" xmlns:xsi="http://www.w3.org/2001/XMLSchema-instance">
  <Summary numSequencePoints="205" visitedSequencePoints="112" numBranchPoints="65" visitedBranchPoints="27" sequenceCoverage="54.63" branchCoverage="41.54" maxCyclomaticComplexity="21" minCyclomaticComplexity="0" visitedClasses="13" numClasses="20" visitedMethods="16" numMethods="24" />
  <Modules>
    <Module hash="9E-71-F9-15-B3-80-CE-7A-BA-53-AE-09-0E-F5-2E-B4-D9-80-7B-D7">
      <Summary numSequencePoints="0" visitedSequencePoints="0" numBranchPoints="0" visitedBranchPoints="0" sequenceCoverage="0" branchCoverage="0" maxCyclomaticComplexity="0" minCyclomaticComplexity="0" visitedClasses="0" numClasses="0" visitedMethods="0" numMethods="0" />
      <ModulePath>D:\dipl\Diploma\WebSite\Infrastructure\Server.Infrastructure.Test\bin\Debug\netcoreapp2.1\Server.DataBaseCore.dll</ModulePath>
      <ModuleTime>2019-02-02T14:16:26.7257385Z</ModuleTime>
      <ModuleName>Server.DataBaseCore</ModuleName>
      <Files />
      <Classes />
    </Module>
    <Module hash="C1-CB-7B-06-35-D7-3E-86-15-BB-43-4E-04-CE-4F-BD-BB-BB-F0-8B">
      <Summary numSequencePoints="205" visitedSequencePoints="112" numBranchPoints="65" visitedBranchPoints="27" sequenceCoverage="54.63" branchCoverage="41.54" maxCyclomaticComplexity="21" minCyclomaticComplexity="1" visitedClasses="13" numClasses="20" visitedMethods="16" numMethods="24" />
      <ModulePath>D:\dipl\Diploma\WebSite\Infrastructure\Server.Infrastructure.Test\bin\Debug\netcoreapp2.1\Server.Infrastructure.dll</ModulePath>
      <ModuleTime>2019-02-02T18:03:17.3863935Z</ModuleTime>
      <ModuleName>Server.Infrastructure</ModuleName>
      <Files>
        <File uid="1" fullPath="D:\dipl\Diploma\WebSite\Infrastructure\Server.Infrastructure\Models\DoctorViewModel.cs" />
        <File uid="2" fullPath="D:\dipl\Diploma\WebSite\Infrastructure\Server.Infrastructure\Models\EntityDataTypeViewModel.cs" />
        <File uid="3" fullPath="D:\dipl\Diploma\WebSite\Infrastructure\Server.Infrastructure\Models\ErrorViewModel.cs" />
        <File uid="4" fullPath="D:\dipl\Diploma\WebSite\Infrastructure\Server.Infrastructure\Models\PatientViewModel.cs" />
        <File uid="5" fullPath="D:\dipl\Diploma\WebSite\Infrastructure\Server.Infrastructure\Models\PersonViewModel.cs" />
        <File uid="6" fullPath="D:\dipl\Diploma\WebSite\Infrastructure\Server.Infrastructure\Models\UserDataViewModel.cs" />
        <File uid="7" fullPath="D:\dipl\Diploma\WebSite\Infrastructure\Server.Infrastructure\Models\ForgotPasswordViewModel.cs" />
        <File uid="8" fullPath="D:\dipl\Diploma\WebSite\Infrastructure\Server.Infrastructure\Models\LoginViewModel.cs" />
        <File uid="9" fullPath="D:\dipl\Diploma\WebSite\Infrastructure\Server.Infrastructure\Models\RegisterViewModel.cs" />
        <File uid="10" fullPath="D:\dipl\Diploma\WebSite\Infrastructure\Server.Infrastructure\Models\ResetPasswordViewModel.cs" />
        <File uid="11" fullPath="D:\dipl\Diploma\WebSite\Infrastructure\Server.Infrastructure\Logic\AccountingInitalizeData.cs" />
        <File uid="16" fullPath="D:\dipl\Diploma\WebSite\Infrastructure\Server.Infrastructure\Logic\DoctorLogic.cs" />
        <File uid="19" fullPath="D:\dipl\Diploma\WebSite\Infrastructure\Server.Infrastructure\Logic\EntityDataTypeLogic.cs" />
        <File uid="22" fullPath="D:\dipl\Diploma\WebSite\Infrastructure\Server.Infrastructure\Logic\PatientLogic.cs" />
        <File uid="25" fullPath="D:\dipl\Diploma\WebSite\Infrastructure\Server.Infrastructure\Communications\SendGridSender.cs" />
        <File uid="26" fullPath="D:\dipl\Diploma\WebSite\Infrastructure\Server.Infrastructure\Classes\Reader.cs" />
      </Files>
      <Classes>
        <Class>
          <Summary numSequencePoints="25" visitedSequencePoints="25" numBranchPoints="4" visitedBranchPoints="4" sequenceCoverage="100" branchCoverage="100" maxCyclomaticComplexity="2" minCyclomaticComplexity="1" visitedClasses="1" numClasses="1" visitedMethods="2" numMethods="2" />
          <FullName>Server.Infrastructure.Models.DoctorViewModel</FullName>
          <Methods>
            <Method skippedDueTo="AutoImplementedProperty" visited="false" cyclomaticComplexity="1" nPathComplexity="0" sequenceCoverage="0" branchCoverage="0" isConstructor="false" isStatic="false" isGetter="true" isSetter="false">
              <MetadataToken>100663297</MetadataToken>
              <Name>System.Int32 Server.Infrastructure.Models.DoctorViewModel::get_DoctorId()</Name>
              <FileRef uid="1" />
              <SequencePoints />
              <BranchPoints />
            </Method>
            <Method skippedDueTo="AutoImplementedProperty" visited="false" cyclomaticComplexity="1" nPathComplexity="0" sequenceCoverage="0" branchCoverage="0" isConstructor="false" isStatic="false" isGetter="false" isSetter="true">
              <MetadataToken>100663298</MetadataToken>
              <Name>System.Void Server.Infrastructure.Models.DoctorViewModel::set_DoctorId(System.Int32)</Name>
              <FileRef uid="1" />
              <SequencePoints />
              <BranchPoints />
            </Method>
            <Method skippedDueTo="AutoImplementedProperty" visited="false" cyclomaticComplexity="1" nPathComplexity="0" sequenceCoverage="0" branchCoverage="0" isConstructor="false" isStatic="false" isGetter="true" isSetter="false">
              <MetadataToken>100663299</MetadataToken>
              <Name>System.String Server.Infrastructure.Models.DoctorViewModel::get_Text()</Name>
              <FileRef uid="1" />
              <SequencePoints />
              <BranchPoints />
            </Method>
            <Method skippedDueTo="AutoImplementedProperty" visited="false" cyclomaticComplexity="1" nPathComplexity="0" sequenceCoverage="0" branchCoverage="0" isConstructor="false" isStatic="false" isGetter="false" isSetter="true">
              <MetadataToken>100663300</MetadataToken>
              <Name>System.Void Server.Infrastructure.Models.DoctorViewModel::set_Text(System.String)</Name>
              <FileRef uid="1" />
              <SequencePoints />
              <BranchPoints />
            </Method>
            <Method visited="true" cyclomaticComplexity="1" nPathComplexity="0" sequenceCoverage="100" branchCoverage="100" isConstructor="false" isStatic="false" isGetter="false" isSetter="false">
              <Summary numSequencePoints="5" visitedSequencePoints="5" numBranchPoints="1" visitedBranchPoints="1" sequenceCoverage="100" branchCoverage="100" maxCyclomaticComplexity="1" minCyclomaticComplexity="1" visitedClasses="0" numClasses="0" visitedMethods="1" numMethods="1" />
              <MetadataToken>100663301</MetadataToken>
              <Name>Server.DataBaseCore.Entities.Doctor Server.Infrastructure.Models.DoctorViewModel::ToEntity()</Name>
              <FileRef uid="1" />
              <SequencePoints>
                <SequencePoint vc="5" uspid="1" ordinal="0" offset="0" sl="13" sc="9" el="13" ec="10" bec="0" bev="0" fileid="1" />
                <SequencePoint vc="5" uspid="2" ordinal="1" offset="1" sl="14" sc="13" el="29" ec="15" bec="0" bev="0" fileid="1" />
                <SequencePoint vc="5" uspid="3" ordinal="2" offset="176" sl="31" sc="13" el="31" ec="35" bec="0" bev="0" fileid="1" />
                <SequencePoint vc="5" uspid="4" ordinal="3" offset="184" sl="33" sc="13" el="33" ec="27" bec="0" bev="0" fileid="1" />
                <SequencePoint vc="5" uspid="5" ordinal="4" offset="188" sl="34" sc="9" el="34" ec="10" bec="0" bev="0" fileid="1" />
              </SequencePoints>
              <BranchPoints />
              <MethodPoint xsi:type="SequencePoint" vc="5" uspid="1" ordinal="0" offset="0" sl="13" sc="9" el="13" ec="10" bec="0" bev="0" fileid="1" />
            </Method>
            <Method visited="true" cyclomaticComplexity="2" nPathComplexity="2" sequenceCoverage="100" branchCoverage="100" isConstructor="false" isStatic="false" isGetter="false" isSetter="false">
              <Summary numSequencePoints="20" visitedSequencePoints="20" numBranchPoints="3" visitedBranchPoints="3" sequenceCoverage="100" branchCoverage="100" maxCyclomaticComplexity="2" minCyclomaticComplexity="2" visitedClasses="0" numClasses="0" visitedMethods="1" numMethods="1" />
              <MetadataToken>100663302</MetadataToken>
              <Name>System.Void Server.Infrastructure.Models.DoctorViewModel::ToModel(Server.DataBaseCore.Entities.Doctor)</Name>
              <FileRef uid="1" />
              <SequencePoints>
                <SequencePoint vc="3" uspid="6" ordinal="0" offset="0" sl="37" sc="9" el="37" ec="10" bec="0" bev="0" fileid="1" />
                <SequencePoint vc="3" uspid="7" ordinal="1" offset="1" sl="38" sc="13" el="38" ec="39" bec="2" bev="2" fileid="1" />
                <SequencePoint vc="1" uspid="8" ordinal="2" offset="18" sl="39" sc="13" el="39" ec="14" bec="0" bev="0" fileid="1" />
                <SequencePoint vc="1" uspid="9" ordinal="3" offset="19" sl="40" sc="17" el="40" ec="49" bec="0" bev="0" fileid="1" />
                <SequencePoint vc="1" uspid="10" ordinal="4" offset="32" sl="41" sc="17" el="41" ec="51" bec="0" bev="0" fileid="1" />
                <SequencePoint vc="1" uspid="11" ordinal="5" offset="45" sl="42" sc="17" el="42" ec="49" bec="0" bev="0" fileid="1" />
                <SequencePoint vc="1" uspid="12" ordinal="6" offset="58" sl="43" sc="17" el="43" ec="53" bec="0" bev="0" fileid="1" />
                <SequencePoint vc="1" uspid="13" ordinal="7" offset="71" sl="44" sc="17" el="44" ec="39" bec="0" bev="0" fileid="1" />
                <SequencePoint vc="1" uspid="14" ordinal="8" offset="84" sl="45" sc="17" el="45" ec="45" bec="0" bev="0" fileid="1" />
                <SequencePoint vc="1" uspid="15" ordinal="9" offset="97" sl="46" sc="17" el="46" ec="45" bec="0" bev="0" fileid="1" />
                <SequencePoint vc="1" uspid="16" ordinal="10" offset="110" sl="47" sc="17" el="47" ec="39" bec="0" bev="0" fileid="1" />
                <SequencePoint vc="1" uspid="17" ordinal="11" offset="123" sl="48" sc="17" el="48" ec="55" bec="0" bev="0" fileid="1" />
                <SequencePoint vc="1" uspid="18" ordinal="12" offset="136" sl="49" sc="17" el="49" ec="53" bec="0" bev="0" fileid="1" />
                <SequencePoint vc="1" uspid="19" ordinal="13" offset="149" sl="50" sc="17" el="50" ec="43" bec="0" bev="0" fileid="1" />
                <SequencePoint vc="1" uspid="20" ordinal="14" offset="162" sl="51" sc="17" el="51" ec="51" bec="0" bev="0" fileid="1" />
                <SequencePoint vc="1" uspid="21" ordinal="15" offset="175" sl="52" sc="17" el="52" ec="41" bec="0" bev="0" fileid="1" />
                <SequencePoint vc="1" uspid="22" ordinal="16" offset="188" sl="53" sc="17" el="53" ec="54" bec="0" bev="0" fileid="1" />
                <SequencePoint vc="1" uspid="23" ordinal="17" offset="196" sl="54" sc="17" el="54" ec="49" bec="0" bev="0" fileid="1" />
                <SequencePoint vc="1" uspid="24" ordinal="18" offset="209" sl="55" sc="13" el="55" ec="14" bec="0" bev="0" fileid="1" />
                <SequencePoint vc="3" uspid="25" ordinal="19" offset="210" sl="56" sc="9" el="56" ec="10" bec="0" bev="0" fileid="1" />
              </SequencePoints>
              <BranchPoints>
                <BranchPoint vc="1" uspid="26" ordinal="0" offset="13" sl="38" path="0" offsetend="18" fileid="1" />
                <BranchPoint vc="2" uspid="27" ordinal="1" offset="13" sl="38" path="1" offsetend="210" fileid="1" />
              </BranchPoints>
              <MethodPoint xsi:type="SequencePoint" vc="3" uspid="6" ordinal="0" offset="0" sl="37" sc="9" el="37" ec="10" bec="0" bev="0" fileid="1" />
            </Method>
            <Method visited="true" cyclomaticComplexity="1" nPathComplexity="0" sequenceCoverage="0" branchCoverage="0" isConstructor="true" isStatic="false" isGetter="false" isSetter="false">
              <Summary numSequencePoints="0" visitedSequencePoints="0" numBranchPoints="0" visitedBranchPoints="0" sequenceCoverage="0" branchCoverage="0" maxCyclomaticComplexity="1" minCyclomaticComplexity="1" visitedClasses="0" numClasses="0" visitedMethods="0" numMethods="0" />
              <MetadataToken>100663303</MetadataToken>
              <Name>System.Void Server.Infrastructure.Models.DoctorViewModel::.ctor()</Name>
              <SequencePoints />
              <BranchPoints />
              <MethodPoint vc="7" uspid="28" ordinal="0" offset="0" />
            </Method>
          </Methods>
        </Class>
        <Class>
          <Summary numSequencePoints="8" visitedSequencePoints="8" numBranchPoints="4" visitedBranchPoints="3" sequenceCoverage="100" branchCoverage="75" maxCyclomaticComplexity="4" minCyclomaticComplexity="1" visitedClasses="1" numClasses="1" visitedMethods="2" numMethods="2" />
          <FullName>Server.Infrastructure.Models.EntityDataTypeViewModel</FullName>
          <Methods>
            <Method skippedDueTo="AutoImplementedProperty" visited="false" cyclomaticComplexity="1" nPathComplexity="0" sequenceCoverage="0" branchCoverage="0" isConstructor="false" isStatic="false" isGetter="true" isSetter="false">
              <MetadataToken>100663304</MetadataToken>
              <Name>System.Nullable`1&lt;System.Boolean&gt; Server.Infrastructure.Models.EntityDataTypeViewModel::get_IsActive()</Name>
              <FileRef uid="2" />
              <SequencePoints />
              <BranchPoints />
            </Method>
            <Method skippedDueTo="AutoImplementedProperty" visited="false" cyclomaticComplexity="1" nPathComplexity="0" sequenceCoverage="0" branchCoverage="0" isConstructor="false" isStatic="false" isGetter="false" isSetter="true">
              <MetadataToken>100663305</MetadataToken>
              <Name>System.Void Server.Infrastructure.Models.EntityDataTypeViewModel::set_IsActive(System.Nullable`1&lt;System.Boolean&gt;)</Name>
              <FileRef uid="2" />
              <SequencePoints />
              <BranchPoints />
            </Method>
            <Method skippedDueTo="AutoImplementedProperty" visited="false" cyclomaticComplexity="1" nPathComplexity="0" sequenceCoverage="0" branchCoverage="0" isConstructor="false" isStatic="false" isGetter="true" isSetter="false">
              <MetadataToken>100663306</MetadataToken>
              <Name>System.DateTime Server.Infrastructure.Models.EntityDataTypeViewModel::get_CreatedDate()</Name>
              <FileRef uid="2" />
              <SequencePoints />
              <BranchPoints />
            </Method>
            <Method skippedDueTo="AutoImplementedProperty" visited="false" cyclomaticComplexity="1" nPathComplexity="0" sequenceCoverage="0" branchCoverage="0" isConstructor="false" isStatic="false" isGetter="true" isSetter="false">
              <MetadataToken>100663307</MetadataToken>
              <Name>System.DateTime Server.Infrastructure.Models.EntityDataTypeViewModel::get_UpdatedDate()</Name>
              <FileRef uid="2" />
              <SequencePoints />
              <BranchPoints />
            </Method>
            <Method visited="true" cyclomaticComplexity="2" nPathComplexity="0" sequenceCoverage="100" branchCoverage="100" isConstructor="false" isStatic="false" isGetter="false" isSetter="false">
              <Summary numSequencePoints="4" visitedSequencePoints="4" numBranchPoints="1" visitedBranchPoints="1" sequenceCoverage="100" branchCoverage="100" maxCyclomaticComplexity="2" minCyclomaticComplexity="2" visitedClasses="0" numClasses="0" visitedMethods="1" numMethods="1" />
              <MetadataToken>100663308</MetadataToken>
              <Name>System.Void Server.Infrastructure.Models.EntityDataTypeViewModel::ToEntity(Server.DataBaseCore.Interfaces.IEntityDataType)</Name>
              <FileRef uid="2" />
              <SequencePoints>
                <SequencePoint vc="10" uspid="29" ordinal="0" offset="0" sl="15" sc="9" el="15" ec="10" bec="0" bev="0" fileid="2" />
                <SequencePoint vc="10" uspid="30" ordinal="1" offset="1" sl="16" sc="13" el="16" ec="104" bec="0" bev="0" fileid="2" />
                <SequencePoint vc="10" uspid="31" ordinal="2" offset="19" sl="18" sc="13" el="18" ec="53" bec="0" bev="0" fileid="2" />
                <SequencePoint vc="10" uspid="32" ordinal="3" offset="32" sl="19" sc="9" el="19" ec="10" bec="0" bev="0" fileid="2" />
              </SequencePoints>
              <BranchPoints />
              <MethodPoint xsi:type="SequencePoint" vc="10" uspid="29" ordinal="0" offset="0" sl="15" sc="9" el="15" ec="10" bec="0" bev="0" fileid="2" />
            </Method>
            <Method visited="true" cyclomaticComplexity="4" nPathComplexity="2" sequenceCoverage="100" branchCoverage="66.67" isConstructor="false" isStatic="false" isGetter="false" isSetter="false">
              <Summary numSequencePoints="4" visitedSequencePoints="4" numBranchPoints="3" visitedBranchPoints="2" sequenceCoverage="100" branchCoverage="66.67" maxCyclomaticComplexity="4" minCyclomaticComplexity="4" visitedClasses="0" numClasses="0" visitedMethods="1" numMethods="1" />
              <MetadataToken>100663309</MetadataToken>
              <Name>System.Void Server.Infrastructure.Models.EntityDataTypeViewModel::ToModel(Server.DataBaseCore.Interfaces.IEntityDataType)</Name>
              <FileRef uid="2" />
              <SequencePoints>
                <SequencePoint vc="2" uspid="35" ordinal="0" offset="0" sl="22" sc="9" el="22" ec="10" bec="0" bev="0" fileid="2" />
                <SequencePoint vc="2" uspid="36" ordinal="1" offset="1" sl="23" sc="13" el="23" ec="104" bec="0" bev="0" fileid="2" />
                <SequencePoint vc="2" uspid="37" ordinal="2" offset="19" sl="25" sc="13" el="25" ec="91" bec="2" bev="1" fileid="2" />
                <SequencePoint vc="2" uspid="38" ordinal="3" offset="64" sl="26" sc="9" el="26" ec="10" bec="0" bev="0" fileid="2" />
              </SequencePoints>
              <BranchPoints>
                <BranchPoint vc="2" uspid="41" ordinal="2" offset="34" sl="25" path="0" offsetend="36" fileid="2" />
                <BranchPoint vc="0" uspid="42" ordinal="3" offset="34" sl="25" path="1" offsetend="39" fileid="2" />
              </BranchPoints>
              <MethodPoint xsi:type="SequencePoint" vc="2" uspid="35" ordinal="0" offset="0" sl="22" sc="9" el="22" ec="10" bec="0" bev="0" fileid="2" />
            </Method>
            <Method visited="true" cyclomaticComplexity="1" nPathComplexity="0" sequenceCoverage="0" branchCoverage="0" isConstructor="true" isStatic="false" isGetter="false" isSetter="false">
              <Summary numSequencePoints="0" visitedSequencePoints="0" numBranchPoints="0" visitedBranchPoints="0" sequenceCoverage="0" branchCoverage="0" maxCyclomaticComplexity="1" minCyclomaticComplexity="1" visitedClasses="0" numClasses="0" visitedMethods="0" numMethods="0" />
              <MetadataToken>100663310</MetadataToken>
              <Name>System.Void Server.Infrastructure.Models.EntityDataTypeViewModel::.ctor()</Name>
              <SequencePoints />
              <BranchPoints />
              <MethodPoint vc="14" uspid="43" ordinal="0" offset="0" />
            </Method>
          </Methods>
        </Class>
        <Class>
          <Summary numSequencePoints="1" visitedSequencePoints="0" numBranchPoints="1" visitedBranchPoints="0" sequenceCoverage="0" branchCoverage="0" maxCyclomaticComplexity="1" minCyclomaticComplexity="1" visitedClasses="0" numClasses="1" visitedMethods="0" numMethods="1" />
          <FullName>Server.Infrastructure.Models.ErrorViewModel</FullName>
          <Methods>
            <Method skippedDueTo="AutoImplementedProperty" visited="false" cyclomaticComplexity="1" nPathComplexity="0" sequenceCoverage="0" branchCoverage="0" isConstructor="false" isStatic="false" isGetter="true" isSetter="false">
              <MetadataToken>100663311</MetadataToken>
              <Name>System.String Server.Infrastructure.Models.ErrorViewModel::get_RequestId()</Name>
              <FileRef uid="3" />
              <SequencePoints />
              <BranchPoints />
            </Method>
            <Method skippedDueTo="AutoImplementedProperty" visited="false" cyclomaticComplexity="1" nPathComplexity="0" sequenceCoverage="0" branchCoverage="0" isConstructor="false" isStatic="false" isGetter="false" isSetter="true">
              <MetadataToken>100663312</MetadataToken>
              <Name>System.Void Server.Infrastructure.Models.ErrorViewModel::set_RequestId(System.String)</Name>
              <FileRef uid="3" />
              <SequencePoints />
              <BranchPoints />
            </Method>
            <Method visited="false" cyclomaticComplexity="1" nPathComplexity="0" sequenceCoverage="0" branchCoverage="0" isConstructor="false" isStatic="false" isGetter="true" isSetter="false">
              <Summary numSequencePoints="1" visitedSequencePoints="0" numBranchPoints="1" visitedBranchPoints="0" sequenceCoverage="0" branchCoverage="0" maxCyclomaticComplexity="1" minCyclomaticComplexity="1" visitedClasses="0" numClasses="0" visitedMethods="0" numMethods="1" />
              <MetadataToken>100663313</MetadataToken>
              <Name>System.Boolean Server.Infrastructure.Models.ErrorViewModel::get_ShowRequestId()</Name>
              <FileRef uid="3" />
              <SequencePoints>
                <SequencePoint vc="0" uspid="44" ordinal="0" offset="0" sl="7" sc="38" el="7" ec="75" bec="0" bev="0" fileid="3" />
              </SequencePoints>
              <BranchPoints />
              <MethodPoint xsi:type="SequencePoint" vc="0" uspid="44" ordinal="0" offset="0" sl="7" sc="38" el="7" ec="75" bec="0" bev="0" fileid="3" />
            </Method>
            <Method visited="false" cyclomaticComplexity="1" nPathComplexity="0" sequenceCoverage="0" branchCoverage="0" isConstructor="true" isStatic="false" isGetter="false" isSetter="false">
              <Summary numSequencePoints="0" visitedSequencePoints="0" numBranchPoints="0" visitedBranchPoints="0" sequenceCoverage="0" branchCoverage="0" maxCyclomaticComplexity="1" minCyclomaticComplexity="1" visitedClasses="0" numClasses="0" visitedMethods="0" numMethods="0" />
              <MetadataToken>100663314</MetadataToken>
              <Name>System.Void Server.Infrastructure.Models.ErrorViewModel::.ctor()</Name>
              <SequencePoints />
              <BranchPoints />
              <MethodPoint vc="0" uspid="45" ordinal="0" offset="0" />
            </Method>
          </Methods>
        </Class>
        <Class>
          <Summary numSequencePoints="24" visitedSequencePoints="24" numBranchPoints="4" visitedBranchPoints="4" sequenceCoverage="100" branchCoverage="100" maxCyclomaticComplexity="2" minCyclomaticComplexity="1" visitedClasses="1" numClasses="1" visitedMethods="2" numMethods="2" />
          <FullName>Server.Infrastructure.Models.PatientViewModel</FullName>
          <Methods>
            <Method skippedDueTo="AutoImplementedProperty" visited="false" cyclomaticComplexity="1" nPathComplexity="0" sequenceCoverage="0" branchCoverage="0" isConstructor="false" isStatic="false" isGetter="true" isSetter="false">
              <MetadataToken>100663315</MetadataToken>
              <Name>System.Int32 Server.Infrastructure.Models.PatientViewModel::get_PatientId()</Name>
              <FileRef uid="4" />
              <SequencePoints />
              <BranchPoints />
            </Method>
            <Method skippedDueTo="AutoImplementedProperty" visited="false" cyclomaticComplexity="1" nPathComplexity="0" sequenceCoverage="0" branchCoverage="0" isConstructor="false" isStatic="false" isGetter="false" isSetter="true">
              <MetadataToken>100663316</MetadataToken>
              <Name>System.Void Server.Infrastructure.Models.PatientViewModel::set_PatientId(System.Int32)</Name>
              <FileRef uid="4" />
              <SequencePoints />
              <BranchPoints />
            </Method>
            <Method visited="true" cyclomaticComplexity="1" nPathComplexity="0" sequenceCoverage="100" branchCoverage="100" isConstructor="false" isStatic="false" isGetter="false" isSetter="false">
              <Summary numSequencePoints="5" visitedSequencePoints="5" numBranchPoints="1" visitedBranchPoints="1" sequenceCoverage="100" branchCoverage="100" maxCyclomaticComplexity="1" minCyclomaticComplexity="1" visitedClasses="0" numClasses="0" visitedMethods="1" numMethods="1" />
              <MetadataToken>100663317</MetadataToken>
              <Name>Server.DataBaseCore.Entities.Patient Server.Infrastructure.Models.PatientViewModel::ToEntity()</Name>
              <FileRef uid="4" />
              <SequencePoints>
                <SequencePoint vc="5" uspid="46" ordinal="0" offset="0" sl="11" sc="9" el="11" ec="10" bec="0" bev="0" fileid="4" />
                <SequencePoint vc="5" uspid="47" ordinal="1" offset="1" sl="12" sc="13" el="26" ec="15" bec="0" bev="0" fileid="4" />
                <SequencePoint vc="5" uspid="48" ordinal="2" offset="163" sl="28" sc="13" el="28" ec="36" bec="0" bev="0" fileid="4" />
                <SequencePoint vc="5" uspid="49" ordinal="3" offset="171" sl="30" sc="13" el="30" ec="28" bec="0" bev="0" fileid="4" />
                <SequencePoint vc="5" uspid="50" ordinal="4" offset="175" sl="31" sc="9" el="31" ec="10" bec="0" bev="0" fileid="4" />
              </SequencePoints>
              <BranchPoints />
              <MethodPoint xsi:type="SequencePoint" vc="5" uspid="46" ordinal="0" offset="0" sl="11" sc="9" el="11" ec="10" bec="0" bev="0" fileid="4" />
            </Method>
            <Method visited="true" cyclomaticComplexity="2" nPathComplexity="2" sequenceCoverage="100" branchCoverage="100" isConstructor="false" isStatic="false" isGetter="false" isSetter="false">
              <Summary numSequencePoints="19" visitedSequencePoints="19" numBranchPoints="3" visitedBranchPoints="3" sequenceCoverage="100" branchCoverage="100" maxCyclomaticComplexity="2" minCyclomaticComplexity="2" visitedClasses="0" numClasses="0" visitedMethods="1" numMethods="1" />
              <MetadataToken>100663318</MetadataToken>
              <Name>System.Void Server.Infrastructure.Models.PatientViewModel::ToModel(Server.DataBaseCore.Entities.Patient)</Name>
              <FileRef uid="4" />
              <SequencePoints>
                <SequencePoint vc="3" uspid="51" ordinal="0" offset="0" sl="34" sc="9" el="34" ec="10" bec="0" bev="0" fileid="4" />
                <SequencePoint vc="3" uspid="52" ordinal="1" offset="1" sl="35" sc="13" el="35" ec="39" bec="2" bev="2" fileid="4" />
                <SequencePoint vc="1" uspid="53" ordinal="2" offset="18" sl="36" sc="13" el="36" ec="14" bec="0" bev="0" fileid="4" />
                <SequencePoint vc="1" uspid="54" ordinal="3" offset="19" sl="37" sc="17" el="37" ec="51" bec="0" bev="0" fileid="4" />
                <SequencePoint vc="1" uspid="55" ordinal="4" offset="32" sl="38" sc="17" el="38" ec="51" bec="0" bev="0" fileid="4" />
                <SequencePoint vc="1" uspid="56" ordinal="5" offset="45" sl="39" sc="17" el="39" ec="49" bec="0" bev="0" fileid="4" />
                <SequencePoint vc="1" uspid="57" ordinal="6" offset="58" sl="40" sc="17" el="40" ec="53" bec="0" bev="0" fileid="4" />
                <SequencePoint vc="1" uspid="58" ordinal="7" offset="71" sl="41" sc="17" el="41" ec="39" bec="0" bev="0" fileid="4" />
                <SequencePoint vc="1" uspid="59" ordinal="8" offset="84" sl="42" sc="17" el="42" ec="45" bec="0" bev="0" fileid="4" />
                <SequencePoint vc="1" uspid="60" ordinal="9" offset="97" sl="43" sc="17" el="43" ec="45" bec="0" bev="0" fileid="4" />
                <SequencePoint vc="1" uspid="61" ordinal="10" offset="110" sl="44" sc="17" el="44" ec="39" bec="0" bev="0" fileid="4" />
                <SequencePoint vc="1" uspid="62" ordinal="11" offset="123" sl="45" sc="17" el="45" ec="55" bec="0" bev="0" fileid="4" />
                <SequencePoint vc="1" uspid="63" ordinal="12" offset="136" sl="46" sc="17" el="46" ec="53" bec="0" bev="0" fileid="4" />
                <SequencePoint vc="1" uspid="64" ordinal="13" offset="149" sl="47" sc="17" el="47" ec="43" bec="0" bev="0" fileid="4" />
                <SequencePoint vc="1" uspid="65" ordinal="14" offset="162" sl="48" sc="17" el="48" ec="51" bec="0" bev="0" fileid="4" />
                <SequencePoint vc="1" uspid="66" ordinal="15" offset="175" sl="50" sc="17" el="50" ec="54" bec="0" bev="0" fileid="4" />
                <SequencePoint vc="1" uspid="67" ordinal="16" offset="183" sl="51" sc="17" el="51" ec="49" bec="0" bev="0" fileid="4" />
                <SequencePoint vc="1" uspid="68" ordinal="17" offset="196" sl="52" sc="13" el="52" ec="14" bec="0" bev="0" fileid="4" />
                <SequencePoint vc="3" uspid="69" ordinal="18" offset="197" sl="53" sc="9" el="53" ec="10" bec="0" bev="0" fileid="4" />
              </SequencePoints>
              <BranchPoints>
                <BranchPoint vc="1" uspid="70" ordinal="0" offset="13" sl="35" path="0" offsetend="18" fileid="4" />
                <BranchPoint vc="2" uspid="71" ordinal="1" offset="13" sl="35" path="1" offsetend="197" fileid="4" />
              </BranchPoints>
              <MethodPoint xsi:type="SequencePoint" vc="3" uspid="51" ordinal="0" offset="0" sl="34" sc="9" el="34" ec="10" bec="0" bev="0" fileid="4" />
            </Method>
            <Method visited="true" cyclomaticComplexity="1" nPathComplexity="0" sequenceCoverage="0" branchCoverage="0" isConstructor="true" isStatic="false" isGetter="false" isSetter="false">
              <Summary numSequencePoints="0" visitedSequencePoints="0" numBranchPoints="0" visitedBranchPoints="0" sequenceCoverage="0" branchCoverage="0" maxCyclomaticComplexity="1" minCyclomaticComplexity="1" visitedClasses="0" numClasses="0" visitedMethods="0" numMethods="0" />
              <MetadataToken>100663319</MetadataToken>
              <Name>System.Void Server.Infrastructure.Models.PatientViewModel::.ctor()</Name>
              <SequencePoints />
              <BranchPoints />
              <MethodPoint vc="7" uspid="72" ordinal="0" offset="0" />
            </Method>
          </Methods>
        </Class>
        <Class>
          <Summary numSequencePoints="0" visitedSequencePoints="0" numBranchPoints="0" visitedBranchPoints="0" sequenceCoverage="0" branchCoverage="0" maxCyclomaticComplexity="1" minCyclomaticComplexity="1" visitedClasses="0" numClasses="0" visitedMethods="0" numMethods="0" />
          <FullName>Server.Infrastructure.Models.PersonViewModel</FullName>
          <Methods>
            <Method skippedDueTo="AutoImplementedProperty" visited="false" cyclomaticComplexity="1" nPathComplexity="0" sequenceCoverage="0" branchCoverage="0" isConstructor="false" isStatic="false" isGetter="true" isSetter="false">
              <MetadataToken>100663320</MetadataToken>
              <Name>System.String Server.Infrastructure.Models.PersonViewModel::get_FirstName()</Name>
              <FileRef uid="5" />
              <SequencePoints />
              <BranchPoints />
            </Method>
            <Method skippedDueTo="AutoImplementedProperty" visited="false" cyclomaticComplexity="1" nPathComplexity="0" sequenceCoverage="0" branchCoverage="0" isConstructor="false" isStatic="false" isGetter="false" isSetter="true">
              <MetadataToken>100663321</MetadataToken>
              <Name>System.Void Server.Infrastructure.Models.PersonViewModel::set_FirstName(System.String)</Name>
              <FileRef uid="5" />
              <SequencePoints />
              <BranchPoints />
            </Method>
            <Method skippedDueTo="AutoImplementedProperty" visited="false" cyclomaticComplexity="1" nPathComplexity="0" sequenceCoverage="0" branchCoverage="0" isConstructor="false" isStatic="false" isGetter="true" isSetter="false">
              <MetadataToken>100663322</MetadataToken>
              <Name>System.String Server.Infrastructure.Models.PersonViewModel::get_LastName()</Name>
              <FileRef uid="5" />
              <SequencePoints />
              <BranchPoints />
            </Method>
            <Method skippedDueTo="AutoImplementedProperty" visited="false" cyclomaticComplexity="1" nPathComplexity="0" sequenceCoverage="0" branchCoverage="0" isConstructor="false" isStatic="false" isGetter="false" isSetter="true">
              <MetadataToken>100663323</MetadataToken>
              <Name>System.Void Server.Infrastructure.Models.PersonViewModel::set_LastName(System.String)</Name>
              <FileRef uid="5" />
              <SequencePoints />
              <BranchPoints />
            </Method>
            <Method skippedDueTo="AutoImplementedProperty" visited="false" cyclomaticComplexity="1" nPathComplexity="0" sequenceCoverage="0" branchCoverage="0" isConstructor="false" isStatic="false" isGetter="true" isSetter="false">
              <MetadataToken>100663324</MetadataToken>
              <Name>System.String Server.Infrastructure.Models.PersonViewModel::get_MiddleName()</Name>
              <FileRef uid="5" />
              <SequencePoints />
              <BranchPoints />
            </Method>
            <Method skippedDueTo="AutoImplementedProperty" visited="false" cyclomaticComplexity="1" nPathComplexity="0" sequenceCoverage="0" branchCoverage="0" isConstructor="false" isStatic="false" isGetter="false" isSetter="true">
              <MetadataToken>100663325</MetadataToken>
              <Name>System.Void Server.Infrastructure.Models.PersonViewModel::set_MiddleName(System.String)</Name>
              <FileRef uid="5" />
              <SequencePoints />
              <BranchPoints />
            </Method>
            <Method skippedDueTo="AutoImplementedProperty" visited="false" cyclomaticComplexity="1" nPathComplexity="0" sequenceCoverage="0" branchCoverage="0" isConstructor="false" isStatic="false" isGetter="true" isSetter="false">
              <MetadataToken>100663326</MetadataToken>
              <Name>System.String Server.Infrastructure.Models.PersonViewModel::get_Age()</Name>
              <FileRef uid="5" />
              <SequencePoints />
              <BranchPoints />
            </Method>
            <Method skippedDueTo="AutoImplementedProperty" visited="false" cyclomaticComplexity="1" nPathComplexity="0" sequenceCoverage="0" branchCoverage="0" isConstructor="false" isStatic="false" isGetter="false" isSetter="true">
              <MetadataToken>100663327</MetadataToken>
              <Name>System.Void Server.Infrastructure.Models.PersonViewModel::set_Age(System.String)</Name>
              <FileRef uid="5" />
              <SequencePoints />
              <BranchPoints />
            </Method>
            <Method skippedDueTo="AutoImplementedProperty" visited="false" cyclomaticComplexity="1" nPathComplexity="0" sequenceCoverage="0" branchCoverage="0" isConstructor="false" isStatic="false" isGetter="true" isSetter="false">
              <MetadataToken>100663328</MetadataToken>
              <Name>System.String Server.Infrastructure.Models.PersonViewModel::get_Weight()</Name>
              <FileRef uid="5" />
              <SequencePoints />
              <BranchPoints />
            </Method>
            <Method skippedDueTo="AutoImplementedProperty" visited="false" cyclomaticComplexity="1" nPathComplexity="0" sequenceCoverage="0" branchCoverage="0" isConstructor="false" isStatic="false" isGetter="false" isSetter="true">
              <MetadataToken>100663329</MetadataToken>
              <Name>System.Void Server.Infrastructure.Models.PersonViewModel::set_Weight(System.String)</Name>
              <FileRef uid="5" />
              <SequencePoints />
              <BranchPoints />
            </Method>
            <Method skippedDueTo="AutoImplementedProperty" visited="false" cyclomaticComplexity="1" nPathComplexity="0" sequenceCoverage="0" branchCoverage="0" isConstructor="false" isStatic="false" isGetter="true" isSetter="false">
              <MetadataToken>100663330</MetadataToken>
              <Name>System.String Server.Infrastructure.Models.PersonViewModel::get_Height()</Name>
              <FileRef uid="5" />
              <SequencePoints />
              <BranchPoints />
            </Method>
            <Method skippedDueTo="AutoImplementedProperty" visited="false" cyclomaticComplexity="1" nPathComplexity="0" sequenceCoverage="0" branchCoverage="0" isConstructor="false" isStatic="false" isGetter="false" isSetter="true">
              <MetadataToken>100663331</MetadataToken>
              <Name>System.Void Server.Infrastructure.Models.PersonViewModel::set_Height(System.String)</Name>
              <FileRef uid="5" />
              <SequencePoints />
              <BranchPoints />
            </Method>
            <Method skippedDueTo="AutoImplementedProperty" visited="false" cyclomaticComplexity="1" nPathComplexity="0" sequenceCoverage="0" branchCoverage="0" isConstructor="false" isStatic="false" isGetter="true" isSetter="false">
              <MetadataToken>100663332</MetadataToken>
              <Name>System.String Server.Infrastructure.Models.PersonViewModel::get_Sex()</Name>
              <FileRef uid="5" />
              <SequencePoints />
              <BranchPoints />
            </Method>
            <Method skippedDueTo="AutoImplementedProperty" visited="false" cyclomaticComplexity="1" nPathComplexity="0" sequenceCoverage="0" branchCoverage="0" isConstructor="false" isStatic="false" isGetter="false" isSetter="true">
              <MetadataToken>100663333</MetadataToken>
              <Name>System.Void Server.Infrastructure.Models.PersonViewModel::set_Sex(System.String)</Name>
              <FileRef uid="5" />
              <SequencePoints />
              <BranchPoints />
            </Method>
            <Method skippedDueTo="AutoImplementedProperty" visited="false" cyclomaticComplexity="1" nPathComplexity="0" sequenceCoverage="0" branchCoverage="0" isConstructor="false" isStatic="false" isGetter="true" isSetter="false">
              <MetadataToken>100663334</MetadataToken>
              <Name>System.String Server.Infrastructure.Models.PersonViewModel::get_PhoneNumber()</Name>
              <FileRef uid="5" />
              <SequencePoints />
              <BranchPoints />
            </Method>
            <Method skippedDueTo="AutoImplementedProperty" visited="false" cyclomaticComplexity="1" nPathComplexity="0" sequenceCoverage="0" branchCoverage="0" isConstructor="false" isStatic="false" isGetter="false" isSetter="true">
              <MetadataToken>100663335</MetadataToken>
              <Name>System.Void Server.Infrastructure.Models.PersonViewModel::set_PhoneNumber(System.String)</Name>
              <FileRef uid="5" />
              <SequencePoints />
              <BranchPoints />
            </Method>
            <Method skippedDueTo="AutoImplementedProperty" visited="false" cyclomaticComplexity="1" nPathComplexity="0" sequenceCoverage="0" branchCoverage="0" isConstructor="false" isStatic="false" isGetter="true" isSetter="false">
              <MetadataToken>100663336</MetadataToken>
              <Name>System.String Server.Infrastructure.Models.PersonViewModel::get_HomeNumber()</Name>
              <FileRef uid="5" />
              <SequencePoints />
              <BranchPoints />
            </Method>
            <Method skippedDueTo="AutoImplementedProperty" visited="false" cyclomaticComplexity="1" nPathComplexity="0" sequenceCoverage="0" branchCoverage="0" isConstructor="false" isStatic="false" isGetter="false" isSetter="true">
              <MetadataToken>100663337</MetadataToken>
              <Name>System.Void Server.Infrastructure.Models.PersonViewModel::set_HomeNumber(System.String)</Name>
              <FileRef uid="5" />
              <SequencePoints />
              <BranchPoints />
            </Method>
            <Method skippedDueTo="AutoImplementedProperty" visited="false" cyclomaticComplexity="1" nPathComplexity="0" sequenceCoverage="0" branchCoverage="0" isConstructor="false" isStatic="false" isGetter="true" isSetter="false">
              <MetadataToken>100663338</MetadataToken>
              <Name>System.String Server.Infrastructure.Models.PersonViewModel::get_Email()</Name>
              <FileRef uid="5" />
              <SequencePoints />
              <BranchPoints />
            </Method>
            <Method skippedDueTo="AutoImplementedProperty" visited="false" cyclomaticComplexity="1" nPathComplexity="0" sequenceCoverage="0" branchCoverage="0" isConstructor="false" isStatic="false" isGetter="false" isSetter="true">
              <MetadataToken>100663339</MetadataToken>
              <Name>System.Void Server.Infrastructure.Models.PersonViewModel::set_Email(System.String)</Name>
              <FileRef uid="5" />
              <SequencePoints />
              <BranchPoints />
            </Method>
            <Method skippedDueTo="AutoImplementedProperty" visited="false" cyclomaticComplexity="1" nPathComplexity="0" sequenceCoverage="0" branchCoverage="0" isConstructor="false" isStatic="false" isGetter="true" isSetter="false">
              <MetadataToken>100663340</MetadataToken>
              <Name>System.String Server.Infrastructure.Models.PersonViewModel::get_Condition()</Name>
              <FileRef uid="5" />
              <SequencePoints />
              <BranchPoints />
            </Method>
            <Method skippedDueTo="AutoImplementedProperty" visited="false" cyclomaticComplexity="1" nPathComplexity="0" sequenceCoverage="0" branchCoverage="0" isConstructor="false" isStatic="false" isGetter="false" isSetter="true">
              <MetadataToken>100663341</MetadataToken>
              <Name>System.Void Server.Infrastructure.Models.PersonViewModel::set_Condition(System.String)</Name>
              <FileRef uid="5" />
              <SequencePoints />
              <BranchPoints />
            </Method>
            <Method visited="true" cyclomaticComplexity="1" nPathComplexity="0" sequenceCoverage="0" branchCoverage="0" isConstructor="true" isStatic="false" isGetter="false" isSetter="false">
              <Summary numSequencePoints="0" visitedSequencePoints="0" numBranchPoints="0" visitedBranchPoints="0" sequenceCoverage="0" branchCoverage="0" maxCyclomaticComplexity="1" minCyclomaticComplexity="1" visitedClasses="0" numClasses="0" visitedMethods="0" numMethods="0" />
              <MetadataToken>100663342</MetadataToken>
              <Name>System.Void Server.Infrastructure.Models.PersonViewModel::.ctor()</Name>
              <SequencePoints />
              <BranchPoints />
              <MethodPoint vc="14" uspid="73" ordinal="0" offset="0" />
            </Method>
          </Methods>
        </Class>
        <Class>
          <Summary numSequencePoints="0" visitedSequencePoints="0" numBranchPoints="0" visitedBranchPoints="0" sequenceCoverage="0" branchCoverage="0" maxCyclomaticComplexity="1" minCyclomaticComplexity="1" visitedClasses="0" numClasses="0" visitedMethods="0" numMethods="0" />
          <FullName>Server.Infrastructure.Models.AccountViewModel.UserDataViewModel</FullName>
          <Methods>
            <Method skippedDueTo="AutoImplementedProperty" visited="false" cyclomaticComplexity="1" nPathComplexity="0" sequenceCoverage="0" branchCoverage="0" isConstructor="false" isStatic="false" isGetter="true" isSetter="false">
              <MetadataToken>100663343</MetadataToken>
              <Name>System.String Server.Infrastructure.Models.AccountViewModel.UserDataViewModel::get_Email()</Name>
              <FileRef uid="6" />
              <SequencePoints />
              <BranchPoints />
            </Method>
            <Method skippedDueTo="AutoImplementedProperty" visited="false" cyclomaticComplexity="1" nPathComplexity="0" sequenceCoverage="0" branchCoverage="0" isConstructor="false" isStatic="false" isGetter="false" isSetter="true">
              <MetadataToken>100663344</MetadataToken>
              <Name>System.Void Server.Infrastructure.Models.AccountViewModel.UserDataViewModel::set_Email(System.String)</Name>
              <FileRef uid="6" />
              <SequencePoints />
              <BranchPoints />
            </Method>
            <Method skippedDueTo="AutoImplementedProperty" visited="false" cyclomaticComplexity="1" nPathComplexity="0" sequenceCoverage="0" branchCoverage="0" isConstructor="false" isStatic="false" isGetter="true" isSetter="false">
              <MetadataToken>100663345</MetadataToken>
              <Name>System.String Server.Infrastructure.Models.AccountViewModel.UserDataViewModel::get_Password()</Name>
              <FileRef uid="6" />
              <SequencePoints />
              <BranchPoints />
            </Method>
            <Method skippedDueTo="AutoImplementedProperty" visited="false" cyclomaticComplexity="1" nPathComplexity="0" sequenceCoverage="0" branchCoverage="0" isConstructor="false" isStatic="false" isGetter="false" isSetter="true">
              <MetadataToken>100663346</MetadataToken>
              <Name>System.Void Server.Infrastructure.Models.AccountViewModel.UserDataViewModel::set_Password(System.String)</Name>
              <FileRef uid="6" />
              <SequencePoints />
              <BranchPoints />
            </Method>
            <Method skippedDueTo="AutoImplementedProperty" visited="false" cyclomaticComplexity="1" nPathComplexity="0" sequenceCoverage="0" branchCoverage="0" isConstructor="false" isStatic="false" isGetter="true" isSetter="false">
              <MetadataToken>100663347</MetadataToken>
              <Name>System.String Server.Infrastructure.Models.AccountViewModel.UserDataViewModel::get_ConfirmPassword()</Name>
              <FileRef uid="6" />
              <SequencePoints />
              <BranchPoints />
            </Method>
            <Method skippedDueTo="AutoImplementedProperty" visited="false" cyclomaticComplexity="1" nPathComplexity="0" sequenceCoverage="0" branchCoverage="0" isConstructor="false" isStatic="false" isGetter="false" isSetter="true">
              <MetadataToken>100663348</MetadataToken>
              <Name>System.Void Server.Infrastructure.Models.AccountViewModel.UserDataViewModel::set_ConfirmPassword(System.String)</Name>
              <FileRef uid="6" />
              <SequencePoints />
              <BranchPoints />
            </Method>
            <Method visited="false" cyclomaticComplexity="1" nPathComplexity="0" sequenceCoverage="0" branchCoverage="0" isConstructor="true" isStatic="false" isGetter="false" isSetter="false">
              <Summary numSequencePoints="0" visitedSequencePoints="0" numBranchPoints="0" visitedBranchPoints="0" sequenceCoverage="0" branchCoverage="0" maxCyclomaticComplexity="1" minCyclomaticComplexity="1" visitedClasses="0" numClasses="0" visitedMethods="0" numMethods="0" />
              <MetadataToken>100663349</MetadataToken>
              <Name>System.Void Server.Infrastructure.Models.AccountViewModel.UserDataViewModel::.ctor()</Name>
              <SequencePoints />
              <BranchPoints />
              <MethodPoint vc="0" uspid="74" ordinal="0" offset="0" />
            </Method>
          </Methods>
        </Class>
        <Class>
          <Summary numSequencePoints="0" visitedSequencePoints="0" numBranchPoints="0" visitedBranchPoints="0" sequenceCoverage="0" branchCoverage="0" maxCyclomaticComplexity="1" minCyclomaticComplexity="1" visitedClasses="0" numClasses="0" visitedMethods="0" numMethods="0" />
          <FullName>Server.Infrastructure.Models.AccountViewModels.ForgotPasswordViewModel</FullName>
          <Methods>
            <Method skippedDueTo="AutoImplementedProperty" visited="false" cyclomaticComplexity="1" nPathComplexity="0" sequenceCoverage="0" branchCoverage="0" isConstructor="false" isStatic="false" isGetter="true" isSetter="false">
              <MetadataToken>100663350</MetadataToken>
              <Name>System.String Server.Infrastructure.Models.AccountViewModels.ForgotPasswordViewModel::get_Email()</Name>
              <FileRef uid="7" />
              <SequencePoints />
              <BranchPoints />
            </Method>
            <Method skippedDueTo="AutoImplementedProperty" visited="false" cyclomaticComplexity="1" nPathComplexity="0" sequenceCoverage="0" branchCoverage="0" isConstructor="false" isStatic="false" isGetter="false" isSetter="true">
              <MetadataToken>100663351</MetadataToken>
              <Name>System.Void Server.Infrastructure.Models.AccountViewModels.ForgotPasswordViewModel::set_Email(System.String)</Name>
              <FileRef uid="7" />
              <SequencePoints />
              <BranchPoints />
            </Method>
            <Method visited="false" cyclomaticComplexity="1" nPathComplexity="0" sequenceCoverage="0" branchCoverage="0" isConstructor="true" isStatic="false" isGetter="false" isSetter="false">
              <Summary numSequencePoints="0" visitedSequencePoints="0" numBranchPoints="0" visitedBranchPoints="0" sequenceCoverage="0" branchCoverage="0" maxCyclomaticComplexity="1" minCyclomaticComplexity="1" visitedClasses="0" numClasses="0" visitedMethods="0" numMethods="0" />
              <MetadataToken>100663352</MetadataToken>
              <Name>System.Void Server.Infrastructure.Models.AccountViewModels.ForgotPasswordViewModel::.ctor()</Name>
              <SequencePoints />
              <BranchPoints />
              <MethodPoint vc="0" uspid="75" ordinal="0" offset="0" />
            </Method>
          </Methods>
        </Class>
        <Class>
          <Summary numSequencePoints="0" visitedSequencePoints="0" numBranchPoints="0" visitedBranchPoints="0" sequenceCoverage="0" branchCoverage="0" maxCyclomaticComplexity="1" minCyclomaticComplexity="1" visitedClasses="0" numClasses="0" visitedMethods="0" numMethods="0" />
          <FullName>Server.Infrastructure.Models.AccountViewModels.LoginViewModel</FullName>
          <Methods>
            <Method skippedDueTo="AutoImplementedProperty" visited="false" cyclomaticComplexity="1" nPathComplexity="0" sequenceCoverage="0" branchCoverage="0" isConstructor="false" isStatic="false" isGetter="true" isSetter="false">
              <MetadataToken>100663353</MetadataToken>
              <Name>System.String Server.Infrastructure.Models.AccountViewModels.LoginViewModel::get_Email()</Name>
              <FileRef uid="8" />
              <SequencePoints />
              <BranchPoints />
            </Method>
            <Method skippedDueTo="AutoImplementedProperty" visited="false" cyclomaticComplexity="1" nPathComplexity="0" sequenceCoverage="0" branchCoverage="0" isConstructor="false" isStatic="false" isGetter="false" isSetter="true">
              <MetadataToken>100663354</MetadataToken>
              <Name>System.Void Server.Infrastructure.Models.AccountViewModels.LoginViewModel::set_Email(System.String)</Name>
              <FileRef uid="8" />
              <SequencePoints />
              <BranchPoints />
            </Method>
            <Method skippedDueTo="AutoImplementedProperty" visited="false" cyclomaticComplexity="1" nPathComplexity="0" sequenceCoverage="0" branchCoverage="0" isConstructor="false" isStatic="false" isGetter="true" isSetter="false">
              <MetadataToken>100663355</MetadataToken>
              <Name>System.String Server.Infrastructure.Models.AccountViewModels.LoginViewModel::get_Password()</Name>
              <FileRef uid="8" />
              <SequencePoints />
              <BranchPoints />
            </Method>
            <Method skippedDueTo="AutoImplementedProperty" visited="false" cyclomaticComplexity="1" nPathComplexity="0" sequenceCoverage="0" branchCoverage="0" isConstructor="false" isStatic="false" isGetter="false" isSetter="true">
              <MetadataToken>100663356</MetadataToken>
              <Name>System.Void Server.Infrastructure.Models.AccountViewModels.LoginViewModel::set_Password(System.String)</Name>
              <FileRef uid="8" />
              <SequencePoints />
              <BranchPoints />
            </Method>
            <Method skippedDueTo="AutoImplementedProperty" visited="false" cyclomaticComplexity="1" nPathComplexity="0" sequenceCoverage="0" branchCoverage="0" isConstructor="false" isStatic="false" isGetter="true" isSetter="false">
              <MetadataToken>100663357</MetadataToken>
              <Name>System.Boolean Server.Infrastructure.Models.AccountViewModels.LoginViewModel::get_RememberMe()</Name>
              <FileRef uid="8" />
              <SequencePoints />
              <BranchPoints />
            </Method>
            <Method skippedDueTo="AutoImplementedProperty" visited="false" cyclomaticComplexity="1" nPathComplexity="0" sequenceCoverage="0" branchCoverage="0" isConstructor="false" isStatic="false" isGetter="false" isSetter="true">
              <MetadataToken>100663358</MetadataToken>
              <Name>System.Void Server.Infrastructure.Models.AccountViewModels.LoginViewModel::set_RememberMe(System.Boolean)</Name>
              <FileRef uid="8" />
              <SequencePoints />
              <BranchPoints />
            </Method>
            <Method visited="false" cyclomaticComplexity="1" nPathComplexity="0" sequenceCoverage="0" branchCoverage="0" isConstructor="true" isStatic="false" isGetter="false" isSetter="false">
              <Summary numSequencePoints="0" visitedSequencePoints="0" numBranchPoints="0" visitedBranchPoints="0" sequenceCoverage="0" branchCoverage="0" maxCyclomaticComplexity="1" minCyclomaticComplexity="1" visitedClasses="0" numClasses="0" visitedMethods="0" numMethods="0" />
              <MetadataToken>100663359</MetadataToken>
              <Name>System.Void Server.Infrastructure.Models.AccountViewModels.LoginViewModel::.ctor()</Name>
              <SequencePoints />
              <BranchPoints />
              <MethodPoint vc="0" uspid="76" ordinal="0" offset="0" />
            </Method>
          </Methods>
        </Class>
        <Class>
          <Summary numSequencePoints="0" visitedSequencePoints="0" numBranchPoints="0" visitedBranchPoints="0" sequenceCoverage="0" branchCoverage="0" maxCyclomaticComplexity="1" minCyclomaticComplexity="1" visitedClasses="0" numClasses="0" visitedMethods="0" numMethods="0" />
          <FullName>Server.Infrastructure.Models.AccountViewModels.RegisterViewModel</FullName>
          <Methods>
            <Method skippedDueTo="AutoImplementedProperty" visited="false" cyclomaticComplexity="1" nPathComplexity="0" sequenceCoverage="0" branchCoverage="0" isConstructor="false" isStatic="false" isGetter="true" isSetter="false">
              <MetadataToken>100663360</MetadataToken>
              <Name>System.String Server.Infrastructure.Models.AccountViewModels.RegisterViewModel::get_Email()</Name>
              <FileRef uid="9" />
              <SequencePoints />
              <BranchPoints />
            </Method>
            <Method skippedDueTo="AutoImplementedProperty" visited="false" cyclomaticComplexity="1" nPathComplexity="0" sequenceCoverage="0" branchCoverage="0" isConstructor="false" isStatic="false" isGetter="false" isSetter="true">
              <MetadataToken>100663361</MetadataToken>
              <Name>System.Void Server.Infrastructure.Models.AccountViewModels.RegisterViewModel::set_Email(System.String)</Name>
              <FileRef uid="9" />
              <SequencePoints />
              <BranchPoints />
            </Method>
            <Method skippedDueTo="AutoImplementedProperty" visited="false" cyclomaticComplexity="1" nPathComplexity="0" sequenceCoverage="0" branchCoverage="0" isConstructor="false" isStatic="false" isGetter="true" isSetter="false">
              <MetadataToken>100663362</MetadataToken>
              <Name>System.String Server.Infrastructure.Models.AccountViewModels.RegisterViewModel::get_Password()</Name>
              <FileRef uid="9" />
              <SequencePoints />
              <BranchPoints />
            </Method>
            <Method skippedDueTo="AutoImplementedProperty" visited="false" cyclomaticComplexity="1" nPathComplexity="0" sequenceCoverage="0" branchCoverage="0" isConstructor="false" isStatic="false" isGetter="false" isSetter="true">
              <MetadataToken>100663363</MetadataToken>
              <Name>System.Void Server.Infrastructure.Models.AccountViewModels.RegisterViewModel::set_Password(System.String)</Name>
              <FileRef uid="9" />
              <SequencePoints />
              <BranchPoints />
            </Method>
            <Method skippedDueTo="AutoImplementedProperty" visited="false" cyclomaticComplexity="1" nPathComplexity="0" sequenceCoverage="0" branchCoverage="0" isConstructor="false" isStatic="false" isGetter="true" isSetter="false">
              <MetadataToken>100663364</MetadataToken>
              <Name>System.String Server.Infrastructure.Models.AccountViewModels.RegisterViewModel::get_ConfirmPassword()</Name>
              <FileRef uid="9" />
              <SequencePoints />
              <BranchPoints />
            </Method>
            <Method skippedDueTo="AutoImplementedProperty" visited="false" cyclomaticComplexity="1" nPathComplexity="0" sequenceCoverage="0" branchCoverage="0" isConstructor="false" isStatic="false" isGetter="false" isSetter="true">
              <MetadataToken>100663365</MetadataToken>
              <Name>System.Void Server.Infrastructure.Models.AccountViewModels.RegisterViewModel::set_ConfirmPassword(System.String)</Name>
              <FileRef uid="9" />
              <SequencePoints />
              <BranchPoints />
            </Method>
            <Method visited="false" cyclomaticComplexity="1" nPathComplexity="0" sequenceCoverage="0" branchCoverage="0" isConstructor="true" isStatic="false" isGetter="false" isSetter="false">
              <Summary numSequencePoints="0" visitedSequencePoints="0" numBranchPoints="0" visitedBranchPoints="0" sequenceCoverage="0" branchCoverage="0" maxCyclomaticComplexity="1" minCyclomaticComplexity="1" visitedClasses="0" numClasses="0" visitedMethods="0" numMethods="0" />
              <MetadataToken>100663366</MetadataToken>
              <Name>System.Void Server.Infrastructure.Models.AccountViewModels.RegisterViewModel::.ctor()</Name>
              <SequencePoints />
              <BranchPoints />
              <MethodPoint vc="0" uspid="77" ordinal="0" offset="0" />
            </Method>
          </Methods>
        </Class>
        <Class>
          <Summary numSequencePoints="0" visitedSequencePoints="0" numBranchPoints="0" visitedBranchPoints="0" sequenceCoverage="0" branchCoverage="0" maxCyclomaticComplexity="1" minCyclomaticComplexity="1" visitedClasses="0" numClasses="0" visitedMethods="0" numMethods="0" />
          <FullName>Server.Infrastructure.Models.AccountViewModels.ResetPasswordViewModel</FullName>
          <Methods>
            <Method skippedDueTo="AutoImplementedProperty" visited="false" cyclomaticComplexity="1" nPathComplexity="0" sequenceCoverage="0" branchCoverage="0" isConstructor="false" isStatic="false" isGetter="true" isSetter="false">
              <MetadataToken>100663367</MetadataToken>
              <Name>System.String Server.Infrastructure.Models.AccountViewModels.ResetPasswordViewModel::get_Email()</Name>
              <FileRef uid="10" />
              <SequencePoints />
              <BranchPoints />
            </Method>
            <Method skippedDueTo="AutoImplementedProperty" visited="false" cyclomaticComplexity="1" nPathComplexity="0" sequenceCoverage="0" branchCoverage="0" isConstructor="false" isStatic="false" isGetter="false" isSetter="true">
              <MetadataToken>100663368</MetadataToken>
              <Name>System.Void Server.Infrastructure.Models.AccountViewModels.ResetPasswordViewModel::set_Email(System.String)</Name>
              <FileRef uid="10" />
              <SequencePoints />
              <BranchPoints />
            </Method>
            <Method skippedDueTo="AutoImplementedProperty" visited="false" cyclomaticComplexity="1" nPathComplexity="0" sequenceCoverage="0" branchCoverage="0" isConstructor="false" isStatic="false" isGetter="true" isSetter="false">
              <MetadataToken>100663369</MetadataToken>
              <Name>System.String Server.Infrastructure.Models.AccountViewModels.ResetPasswordViewModel::get_Password()</Name>
              <FileRef uid="10" />
              <SequencePoints />
              <BranchPoints />
            </Method>
            <Method skippedDueTo="AutoImplementedProperty" visited="false" cyclomaticComplexity="1" nPathComplexity="0" sequenceCoverage="0" branchCoverage="0" isConstructor="false" isStatic="false" isGetter="false" isSetter="true">
              <MetadataToken>100663370</MetadataToken>
              <Name>System.Void Server.Infrastructure.Models.AccountViewModels.ResetPasswordViewModel::set_Password(System.String)</Name>
              <FileRef uid="10" />
              <SequencePoints />
              <BranchPoints />
            </Method>
            <Method skippedDueTo="AutoImplementedProperty" visited="false" cyclomaticComplexity="1" nPathComplexity="0" sequenceCoverage="0" branchCoverage="0" isConstructor="false" isStatic="false" isGetter="true" isSetter="false">
              <MetadataToken>100663371</MetadataToken>
              <Name>System.String Server.Infrastructure.Models.AccountViewModels.ResetPasswordViewModel::get_ConfirmPassword()</Name>
              <FileRef uid="10" />
              <SequencePoints />
              <BranchPoints />
            </Method>
            <Method skippedDueTo="AutoImplementedProperty" visited="false" cyclomaticComplexity="1" nPathComplexity="0" sequenceCoverage="0" branchCoverage="0" isConstructor="false" isStatic="false" isGetter="false" isSetter="true">
              <MetadataToken>100663372</MetadataToken>
              <Name>System.Void Server.Infrastructure.Models.AccountViewModels.ResetPasswordViewModel::set_ConfirmPassword(System.String)</Name>
              <FileRef uid="10" />
              <SequencePoints />
              <BranchPoints />
            </Method>
            <Method skippedDueTo="AutoImplementedProperty" visited="false" cyclomaticComplexity="1" nPathComplexity="0" sequenceCoverage="0" branchCoverage="0" isConstructor="false" isStatic="false" isGetter="true" isSetter="false">
              <MetadataToken>100663373</MetadataToken>
              <Name>System.String Server.Infrastructure.Models.AccountViewModels.ResetPasswordViewModel::get_Code()</Name>
              <FileRef uid="10" />
              <SequencePoints />
              <BranchPoints />
            </Method>
            <Method skippedDueTo="AutoImplementedProperty" visited="false" cyclomaticComplexity="1" nPathComplexity="0" sequenceCoverage="0" branchCoverage="0" isConstructor="false" isStatic="false" isGetter="false" isSetter="true">
              <MetadataToken>100663374</MetadataToken>
              <Name>System.Void Server.Infrastructure.Models.AccountViewModels.ResetPasswordViewModel::set_Code(System.String)</Name>
              <FileRef uid="10" />
              <SequencePoints />
              <BranchPoints />
            </Method>
            <Method visited="false" cyclomaticComplexity="1" nPathComplexity="0" sequenceCoverage="0" branchCoverage="0" isConstructor="true" isStatic="false" isGetter="false" isSetter="false">
              <Summary numSequencePoints="0" visitedSequencePoints="0" numBranchPoints="0" visitedBranchPoints="0" sequenceCoverage="0" branchCoverage="0" maxCyclomaticComplexity="1" minCyclomaticComplexity="1" visitedClasses="0" numClasses="0" visitedMethods="0" numMethods="0" />
              <MetadataToken>100663375</MetadataToken>
              <Name>System.Void Server.Infrastructure.Models.AccountViewModels.ResetPasswordViewModel::.ctor()</Name>
              <SequencePoints />
              <BranchPoints />
              <MethodPoint vc="0" uspid="78" ordinal="0" offset="0" />
            </Method>
          </Methods>
        </Class>
        <Class>
          <Summary numSequencePoints="5" visitedSequencePoints="0" numBranchPoints="1" visitedBranchPoints="0" sequenceCoverage="0" branchCoverage="0" maxCyclomaticComplexity="1" minCyclomaticComplexity="1" visitedClasses="0" numClasses="1" visitedMethods="0" numMethods="1" />
          <FullName>Server.Infrastructure.Logic.AccountingInitalizeData</FullName>
          <Methods>
            <Method visited="false" cyclomaticComplexity="1" nPathComplexity="0" sequenceCoverage="0" branchCoverage="0" isConstructor="true" isStatic="false" isGetter="false" isSetter="false">
              <Summary numSequencePoints="5" visitedSequencePoints="0" numBranchPoints="1" visitedBranchPoints="0" sequenceCoverage="0" branchCoverage="0" maxCyclomaticComplexity="1" minCyclomaticComplexity="1" visitedClasses="0" numClasses="0" visitedMethods="0" numMethods="1" />
              <MetadataToken>100663376</MetadataToken>
              <Name>System.Void Server.Infrastructure.Logic.AccountingInitalizeData::.ctor(Server.DataBaseCore.Interfaces.IUltraRepository,Server.DataBaseCore.ApplicationDbContext)</Name>
              <FileRef uid="11" />
              <SequencePoints>
                <SequencePoint vc="0" uspid="79" ordinal="0" offset="0" sl="21" sc="9" el="21" ec="167" bec="0" bev="0" fileid="11" />
                <SequencePoint vc="0" uspid="80" ordinal="1" offset="7" sl="22" sc="9" el="22" ec="10" bec="0" bev="0" fileid="11" />
                <SequencePoint vc="0" uspid="81" ordinal="2" offset="8" sl="23" sc="13" el="23" ec="52" bec="0" bev="0" fileid="11" />
                <SequencePoint vc="0" uspid="82" ordinal="3" offset="15" sl="24" sc="13" el="24" ec="62" bec="0" bev="0" fileid="11" />
                <SequencePoint vc="0" uspid="83" ordinal="4" offset="22" sl="25" sc="9" el="25" ec="10" bec="0" bev="0" fileid="11" />
              </SequencePoints>
              <BranchPoints />
              <MethodPoint xsi:type="SequencePoint" vc="0" uspid="79" ordinal="0" offset="0" sl="21" sc="9" el="21" ec="167" bec="0" bev="0" fileid="11" />
            </Method>
            <Method visited="false" cyclomaticComplexity="1" nPathComplexity="0" sequenceCoverage="0" branchCoverage="0" isConstructor="false" isStatic="false" isGetter="false" isSetter="false">
              <Summary numSequencePoints="0" visitedSequencePoints="0" numBranchPoints="0" visitedBranchPoints="0" sequenceCoverage="0" branchCoverage="0" maxCyclomaticComplexity="1" minCyclomaticComplexity="1" visitedClasses="0" numClasses="0" visitedMethods="0" numMethods="0" />
              <MetadataToken>100663377</MetadataToken>
              <Name>System.Threading.Tasks.Task`1&lt;System.Int32&gt; Server.Infrastructure.Logic.AccountingInitalizeData::InitalizeMetadateAccountingTypeAsync()</Name>
              <SequencePoints />
              <BranchPoints />
              <MethodPoint vc="0" uspid="84" ordinal="0" offset="0" />
            </Method>
            <Method visited="false" cyclomaticComplexity="1" nPathComplexity="0" sequenceCoverage="0" branchCoverage="0" isConstructor="false" isStatic="false" isGetter="false" isSetter="false">
              <Summary numSequencePoints="0" visitedSequencePoints="0" numBranchPoints="0" visitedBranchPoints="0" sequenceCoverage="0" branchCoverage="0" maxCyclomaticComplexity="1" minCyclomaticComplexity="1" visitedClasses="0" numClasses="0" visitedMethods="0" numMethods="0" />
              <MetadataToken>100663378</MetadataToken>
              <Name>System.Threading.Tasks.Task`1&lt;Microsoft.AspNetCore.Identity.IdentityResult&gt; Server.Infrastructure.Logic.AccountingInitalizeData::CreateRoles()</Name>
              <SequencePoints />
              <BranchPoints />
              <MethodPoint vc="0" uspid="85" ordinal="0" offset="0" />
            </Method>
            <Method visited="false" cyclomaticComplexity="1" nPathComplexity="0" sequenceCoverage="0" branchCoverage="0" isConstructor="false" isStatic="false" isGetter="false" isSetter="false">
              <Summary numSequencePoints="0" visitedSequencePoints="0" numBranchPoints="0" visitedBranchPoints="0" sequenceCoverage="0" branchCoverage="0" maxCyclomaticComplexity="1" minCyclomaticComplexity="1" visitedClasses="0" numClasses="0" visitedMethods="0" numMethods="0" />
              <MetadataToken>100663379</MetadataToken>
              <Name>System.Threading.Tasks.Task`1&lt;Microsoft.AspNetCore.Identity.IdentityResult&gt; Server.Infrastructure.Logic.AccountingInitalizeData::CreateDefaultAdminRole()</Name>
              <SequencePoints />
              <BranchPoints />
              <MethodPoint vc="0" uspid="86" ordinal="0" offset="0" />
            </Method>
          </Methods>
        </Class>
        <Class>
          <Summary numSequencePoints="1" visitedSequencePoints="0" numBranchPoints="1" visitedBranchPoints="0" sequenceCoverage="0" branchCoverage="0" maxCyclomaticComplexity="1" minCyclomaticComplexity="1" visitedClasses="0" numClasses="1" visitedMethods="0" numMethods="1" />
          <FullName>Server.Infrastructure.Logic.AccountingInitalizeData/&lt;&gt;c__DisplayClass3_0</FullName>
          <Methods>
            <Method visited="false" cyclomaticComplexity="1" nPathComplexity="0" sequenceCoverage="0" branchCoverage="0" isConstructor="true" isStatic="false" isGetter="false" isSetter="false">
              <Summary numSequencePoints="0" visitedSequencePoints="0" numBranchPoints="0" visitedBranchPoints="0" sequenceCoverage="0" branchCoverage="0" maxCyclomaticComplexity="1" minCyclomaticComplexity="1" visitedClasses="0" numClasses="0" visitedMethods="0" numMethods="0" />
              <MetadataToken>100663405</MetadataToken>
              <Name>System.Void Server.Infrastructure.Logic.AccountingInitalizeData/&lt;&gt;c__DisplayClass3_0::.ctor()</Name>
              <SequencePoints />
              <BranchPoints />
              <MethodPoint vc="0" uspid="87" ordinal="0" offset="0" />
            </Method>
            <Method visited="false" cyclomaticComplexity="1" nPathComplexity="0" sequenceCoverage="0" branchCoverage="0" isConstructor="false" isStatic="false" isGetter="false" isSetter="false">
              <Summary numSequencePoints="1" visitedSequencePoints="0" numBranchPoints="1" visitedBranchPoints="0" sequenceCoverage="0" branchCoverage="0" maxCyclomaticComplexity="1" minCyclomaticComplexity="1" visitedClasses="0" numClasses="0" visitedMethods="0" numMethods="1" />
              <MetadataToken>100663406</MetadataToken>
              <Name>System.Boolean Server.Infrastructure.Logic.AccountingInitalizeData/&lt;&gt;c__DisplayClass3_0::&lt;InitalizeMetadateAccountingTypeAsync&gt;b__0(Server.DataBaseCore.Entities.Migration)</Name>
              <FileRef uid="11" />
              <SequencePoints>
                <SequencePoint vc="0" uspid="88" ordinal="0" offset="0" sl="36" sc="45" el="36" ec="74" bec="0" bev="0" fileid="11" />
              </SequencePoints>
              <BranchPoints />
              <MethodPoint xsi:type="SequencePoint" vc="0" uspid="88" ordinal="0" offset="0" sl="36" sc="45" el="36" ec="74" bec="0" bev="0" fileid="11" />
            </Method>
          </Methods>
        </Class>
        <Class>
          <Summary numSequencePoints="24" visitedSequencePoints="0" numBranchPoints="16" visitedBranchPoints="0" sequenceCoverage="0" branchCoverage="0" maxCyclomaticComplexity="21" minCyclomaticComplexity="1" visitedClasses="0" numClasses="1" visitedMethods="0" numMethods="1" />
          <FullName>Server.Infrastructure.Logic.AccountingInitalizeData/&lt;InitalizeMetadateAccountingTypeAsync&gt;d__3</FullName>
          <Methods>
            <Method visited="false" cyclomaticComplexity="1" nPathComplexity="0" sequenceCoverage="0" branchCoverage="0" isConstructor="true" isStatic="false" isGetter="false" isSetter="false">
              <Summary numSequencePoints="0" visitedSequencePoints="0" numBranchPoints="0" visitedBranchPoints="0" sequenceCoverage="0" branchCoverage="0" maxCyclomaticComplexity="1" minCyclomaticComplexity="1" visitedClasses="0" numClasses="0" visitedMethods="0" numMethods="0" />
              <MetadataToken>100663407</MetadataToken>
              <Name>System.Void Server.Infrastructure.Logic.AccountingInitalizeData/&lt;InitalizeMetadateAccountingTypeAsync&gt;d__3::.ctor()</Name>
              <SequencePoints />
              <BranchPoints />
              <MethodPoint vc="0" uspid="89" ordinal="0" offset="0" />
            </Method>
            <Method visited="false" cyclomaticComplexity="21" nPathComplexity="160" sequenceCoverage="0" branchCoverage="0" isConstructor="false" isStatic="false" isGetter="false" isSetter="false">
              <Summary numSequencePoints="24" visitedSequencePoints="0" numBranchPoints="16" visitedBranchPoints="0" sequenceCoverage="0" branchCoverage="0" maxCyclomaticComplexity="21" minCyclomaticComplexity="21" visitedClasses="0" numClasses="0" visitedMethods="0" numMethods="1" />
              <MetadataToken>100663408</MetadataToken>
              <Name>System.Void Server.Infrastructure.Logic.AccountingInitalizeData/&lt;InitalizeMetadateAccountingTypeAsync&gt;d__3::MoveNext()</Name>
              <FileRef uid="11" />
              <SequencePoints>
                <SequencePoint vc="0" uspid="90" ordinal="0" offset="27" sl="28" sc="9" el="28" ec="10" bec="0" bev="0" fileid="11" />
                <SequencePoint vc="0" uspid="91" ordinal="1" offset="28" sl="29" sc="20" el="29" ec="108" bec="2" bev="0" fileid="11" />
                <SequencePoint vc="0" uspid="92" ordinal="2" offset="179" sl="30" sc="13" el="30" ec="14" bec="0" bev="0" fileid="11" />
                <SequencePoint vc="0" uspid="93" ordinal="3" offset="180" sl="31" sc="17" el="31" ec="46" bec="5" bev="0" fileid="11" />
                <SequencePoint vc="0" uspid="94" ordinal="4" offset="242" sl="33" sc="17" el="33" ec="18" bec="0" bev="0" fileid="11" />
                <SequencePoint vc="0" uspid="95" ordinal="5" offset="243" sl="34" sc="21" el="34" ec="101" bec="0" bev="0" fileid="11" />
                <SequencePoint vc="0" uspid="96" ordinal="6" offset="377" sl="35" sc="21" el="35" ec="81" bec="0" bev="0" fileid="11" />
                <SequencePoint vc="0" uspid="97" ordinal="7" offset="393" sl="36" sc="21" el="36" ec="76" bec="2" bev="0" fileid="11" />
                <SequencePoint vc="0" uspid="98" ordinal="8" offset="430" sl="37" sc="21" el="37" ec="22" bec="0" bev="0" fileid="11" />
                <SequencePoint vc="0" uspid="99" ordinal="9" offset="431" sl="38" sc="25" el="38" ec="82" bec="0" bev="0" fileid="11" />
                <SequencePoint vc="0" uspid="100" ordinal="10" offset="560" sl="39" sc="25" el="39" ec="54" bec="2" bev="0" fileid="11" />
                <SequencePoint vc="0" uspid="101" ordinal="11" offset="580" sl="40" sc="25" el="40" ec="26" bec="0" bev="0" fileid="11" />
                <SequencePoint vc="0" uspid="102" ordinal="12" offset="581" sl="41" sc="29" el="41" ec="82" bec="0" bev="0" fileid="11" />
                <SequencePoint vc="0" uspid="103" ordinal="13" offset="710" sl="42" sc="25" el="42" ec="26" bec="0" bev="0" fileid="11" />
                <SequencePoint vc="0" uspid="104" ordinal="14" offset="711" sl="44" sc="25" el="44" ec="55" bec="2" bev="0" fileid="11" />
                <SequencePoint vc="0" uspid="105" ordinal="15" offset="731" sl="45" sc="25" el="45" ec="26" bec="0" bev="0" fileid="11" />
                <SequencePoint vc="0" uspid="106" ordinal="16" offset="732" sl="46" sc="29" el="46" ec="102" bec="2" bev="0" fileid="11" />
                <SequencePoint vc="0" uspid="107" ordinal="17" offset="766" sl="49" sc="25" el="49" ec="107" bec="0" bev="0" fileid="11" />
                <SequencePoint vc="0" uspid="109" ordinal="19" offset="912" sl="52" sc="21" el="52" ec="44" bec="0" bev="0" fileid="11" />
                <SequencePoint vc="0" uspid="110" ordinal="20" offset="924" sl="53" sc="21" el="53" ec="49" bec="0" bev="0" fileid="11" />
                <SequencePoint vc="0" uspid="111" ordinal="21" offset="933" sl="55" sc="17" el="55" ec="37" bec="0" bev="0" fileid="11" />
                <SequencePoint vc="0" uspid="112" ordinal="22" offset="943" sl="56" sc="17" el="56" ec="18" bec="0" bev="0" fileid="11" />
                <SequencePoint vc="0" uspid="113" ordinal="23" offset="944" sl="57" sc="21" el="57" ec="46" bec="0" bev="0" fileid="11" />
                <SequencePoint vc="0" uspid="114" ordinal="24" offset="956" sl="58" sc="21" el="58" ec="30" bec="0" bev="0" fileid="11" />
              </SequencePoints>
              <BranchPoints>
                <BranchPoint vc="0" uspid="120" ordinal="4" offset="173" sl="29" path="0" offsetchain="175" offsetend="179" fileid="11" />
                <BranchPoint vc="0" uspid="121" ordinal="5" offset="173" sl="29" path="1" offsetchain="177" offsetend="187" fileid="11" />
                <BranchPoint vc="0" uspid="122" ordinal="6" offset="191" sl="31" path="0" offsetchain="212" offsetend="231" fileid="11" />
                <BranchPoint vc="0" uspid="123" ordinal="7" offset="191" sl="31" path="1" offsetchain="214" offsetend="316" fileid="11" />
                <BranchPoint vc="0" uspid="124" ordinal="8" offset="191" sl="31" path="2" offsetchain="216" offsetend="499" fileid="11" />
                <BranchPoint vc="0" uspid="125" ordinal="9" offset="191" sl="31" path="3" offsetchain="221" offsetend="649" fileid="11" />
                <BranchPoint vc="0" uspid="126" ordinal="10" offset="191" sl="31" path="4" offsetchain="226" offsetend="850" fileid="11" />
                <BranchPoint vc="0" uspid="129" ordinal="13" offset="425" sl="36" path="0" offsetend="430" fileid="11" />
                <BranchPoint vc="0" uspid="130" ordinal="14" offset="425" sl="36" path="1" offsetend="912" fileid="11" />
                <BranchPoint vc="0" uspid="133" ordinal="17" offset="575" sl="39" path="0" offsetend="580" fileid="11" />
                <BranchPoint vc="0" uspid="134" ordinal="18" offset="575" sl="39" path="1" offsetend="711" fileid="11" />
                <BranchPoint vc="0" uspid="137" ordinal="21" offset="729" sl="44" path="0" offsetend="731" fileid="11" />
                <BranchPoint vc="0" uspid="138" ordinal="22" offset="729" sl="44" path="1" offsetend="766" fileid="11" />
                <BranchPoint vc="0" uspid="139" ordinal="23" offset="749" sl="46" path="0" offsetend="751" fileid="11" />
                <BranchPoint vc="0" uspid="140" ordinal="24" offset="749" sl="46" path="1" offsetend="755" fileid="11" />
              </BranchPoints>
              <MethodPoint vc="0" uspid="143" ordinal="0" offset="0" />
            </Method>
            <Method visited="false" cyclomaticComplexity="1" nPathComplexity="0" sequenceCoverage="0" branchCoverage="0" isConstructor="false" isStatic="false" isGetter="false" isSetter="false">
              <Summary numSequencePoints="0" visitedSequencePoints="0" numBranchPoints="0" visitedBranchPoints="0" sequenceCoverage="0" branchCoverage="0" maxCyclomaticComplexity="1" minCyclomaticComplexity="1" visitedClasses="0" numClasses="0" visitedMethods="0" numMethods="0" />
              <MetadataToken>100663409</MetadataToken>
              <Name>System.Void Server.Infrastructure.Logic.AccountingInitalizeData/&lt;InitalizeMetadateAccountingTypeAsync&gt;d__3::SetStateMachine(System.Runtime.CompilerServices.IAsyncStateMachine)</Name>
              <SequencePoints />
              <BranchPoints />
              <MethodPoint vc="0" uspid="144" ordinal="0" offset="0" />
            </Method>
          </Methods>
        </Class>
        <Class>
[...]
              <SequencePoints />
              <BranchPoints />
              <MethodPoint vc="1" uspid="272" ordinal="0" offset="0" />
            </Method>
          </Methods>
        </Class>
        <Class>
          <Summary numSequencePoints="9" visitedSequencePoints="6" numBranchPoints="3" visitedBranchPoints="2" sequenceCoverage="66.67" branchCoverage="66.67" maxCyclomaticComplexity="4" minCyclomaticComplexity="1" visitedClasses="1" numClasses="1" visitedMethods="1" numMethods="1" />
          <FullName>Server.Infrastructure.Logic.PatientLogic/&lt;AddPatientAsync&gt;d__1</FullName>
          <Methods>
            <Method visited="true" cyclomaticComplexity="1" nPathComplexity="0" sequenceCoverage="0" branchCoverage="0" isConstructor="true" isStatic="false" isGetter="false" isSetter="false">
              <Summary numSequencePoints="0" visitedSequencePoints="0" numBranchPoints="0" visitedBranchPoints="0" sequenceCoverage="0" branchCoverage="0" maxCyclomaticComplexity="1" minCyclomaticComplexity="1" visitedClasses="0" numClasses="0" visitedMethods="0" numMethods="0" />
              <MetadataToken>100663428</MetadataToken>
              <Name>System.Void Server.Infrastructure.Logic.PatientLogic/&lt;AddPatientAsync&gt;d__1::.ctor()</Name>
              <SequencePoints />
              <BranchPoints />
              <MethodPoint vc="2" uspid="273" ordinal="0" offset="0" />
            </Method>
            <Method visited="true" cyclomaticComplexity="4" nPathComplexity="2" sequenceCoverage="66.67" branchCoverage="66.67" isConstructor="false" isStatic="false" isGetter="false" isSetter="false">
              <Summary numSequencePoints="9" visitedSequencePoints="6" numBranchPoints="3" visitedBranchPoints="2" sequenceCoverage="66.67" branchCoverage="66.67" maxCyclomaticComplexity="4" minCyclomaticComplexity="4" visitedClasses="0" numClasses="0" visitedMethods="1" numMethods="1" />
              <MetadataToken>100663429</MetadataToken>
              <Name>System.Void Server.Infrastructure.Logic.PatientLogic/&lt;AddPatientAsync&gt;d__1::MoveNext()</Name>
              <FileRef uid="22" />
              <SequencePoints>
                <SequencePoint vc="2" uspid="274" ordinal="0" offset="14" sl="34" sc="9" el="34" ec="10" bec="2" bev="1" fileid="22" />
                <SequencePoint vc="2" uspid="275" ordinal="1" offset="23" sl="36" sc="13" el="36" ec="14" bec="0" bev="0" fileid="22" />
                <SequencePoint vc="2" uspid="276" ordinal="2" offset="24" sl="37" sc="17" el="37" ec="107" bec="0" bev="0" fileid="22" />
                <SequencePoint vc="2" uspid="277" ordinal="3" offset="165" sl="39" sc="17" el="39" ec="51" bec="0" bev="0" fileid="22" />
                <SequencePoint vc="2" uspid="278" ordinal="4" offset="183" sl="41" sc="17" el="41" ec="41" bec="0" bev="0" fileid="22" />
                <SequencePoint vc="0" uspid="279" ordinal="5" offset="192" sl="43" sc="13" el="43" ec="33" bec="0" bev="0" fileid="22" />
                <SequencePoint vc="0" uspid="280" ordinal="6" offset="202" sl="44" sc="13" el="44" ec="14" bec="0" bev="0" fileid="22" />
                <SequencePoint vc="0" uspid="281" ordinal="7" offset="203" sl="45" sc="17" el="45" ec="26" bec="0" bev="0" fileid="22" />
                <SequencePoint vc="2" uspid="282" ordinal="8" offset="236" sl="47" sc="9" el="47" ec="10" bec="0" bev="0" fileid="22" />
              </SequencePoints>
              <BranchPoints>
                <BranchPoint vc="2" uspid="283" ordinal="0" offset="17" sl="34" path="0" offsetchain="19" offsetend="23" fileid="22" />
                <BranchPoint vc="0" uspid="284" ordinal="1" offset="17" sl="34" path="1" offsetchain="21" offsetend="105" fileid="22" />
              </BranchPoints>
              <MethodPoint vc="2" uspid="287" ordinal="0" offset="0" />
            </Method>
            <Method visited="false" cyclomaticComplexity="1" nPathComplexity="0" sequenceCoverage="0" branchCoverage="0" isConstructor="false" isStatic="false" isGetter="false" isSetter="false">
              <Summary numSequencePoints="0" visitedSequencePoints="0" numBranchPoints="0" visitedBranchPoints="0" sequenceCoverage="0" branchCoverage="0" maxCyclomaticComplexity="1" minCyclomaticComplexity="1" visitedClasses="0" numClasses="0" visitedMethods="0" numMethods="0" />
              <MetadataToken>100663430</MetadataToken>
              <Name>System.Void Server.Infrastructure.Logic.PatientLogic/&lt;AddPatientAsync&gt;d__1::SetStateMachine(System.Runtime.CompilerServices.IAsyncStateMachine)</Name>
              <SequencePoints />
              <BranchPoints />
              <MethodPoint vc="0" uspid="288" ordinal="0" offset="0" />
            </Method>
          </Methods>
        </Class>
        <Class>
          <Summary numSequencePoints="8" visitedSequencePoints="5" numBranchPoints="3" visitedBranchPoints="2" sequenceCoverage="62.5" branchCoverage="66.67" maxCyclomaticComplexity="4" minCyclomaticComplexity="1" visitedClasses="1" numClasses="1" visitedMethods="1" numMethods="1" />
          <FullName>Server.Infrastructure.Logic.PatientLogic/&lt;DeletePatientAsync&gt;d__2</FullName>
          <Methods>
            <Method visited="true" cyclomaticComplexity="1" nPathComplexity="0" sequenceCoverage="0" branchCoverage="0" isConstructor="true" isStatic="false" isGetter="false" isSetter="false">
              <Summary numSequencePoints="0" visitedSequencePoints="0" numBranchPoints="0" visitedBranchPoints="0" sequenceCoverage="0" branchCoverage="0" maxCyclomaticComplexity="1" minCyclomaticComplexity="1" visitedClasses="0" numClasses="0" visitedMethods="0" numMethods="0" />
              <MetadataToken>100663431</MetadataToken>
              <Name>System.Void Server.Infrastructure.Logic.PatientLogic/&lt;DeletePatientAsync&gt;d__2::.ctor()</Name>
              <SequencePoints />
              <BranchPoints />
              <MethodPoint vc="1" uspid="289" ordinal="0" offset="0" />
            </Method>
            <Method visited="true" cyclomaticComplexity="4" nPathComplexity="2" sequenceCoverage="62.5" branchCoverage="66.67" isConstructor="false" isStatic="false" isGetter="false" isSetter="false">
              <Summary numSequencePoints="8" visitedSequencePoints="5" numBranchPoints="3" visitedBranchPoints="2" sequenceCoverage="62.5" branchCoverage="66.67" maxCyclomaticComplexity="4" minCyclomaticComplexity="4" visitedClasses="0" numClasses="0" visitedMethods="1" numMethods="1" />
              <MetadataToken>100663432</MetadataToken>
              <Name>System.Void Server.Infrastructure.Logic.PatientLogic/&lt;DeletePatientAsync&gt;d__2::MoveNext()</Name>
              <FileRef uid="22" />
              <SequencePoints>
                <SequencePoint vc="1" uspid="290" ordinal="0" offset="14" sl="50" sc="9" el="50" ec="10" bec="2" bev="1" fileid="22" />
                <SequencePoint vc="1" uspid="291" ordinal="1" offset="23" sl="52" sc="13" el="52" ec="14" bec="0" bev="0" fileid="22" />
                <SequencePoint vc="1" uspid="292" ordinal="2" offset="24" sl="53" sc="17" el="53" ec="98" bec="0" bev="0" fileid="22" />
                <SequencePoint vc="1" uspid="293" ordinal="3" offset="150" sl="55" sc="17" el="55" ec="41" bec="0" bev="0" fileid="22" />
                <SequencePoint vc="0" uspid="294" ordinal="4" offset="159" sl="57" sc="13" el="57" ec="33" bec="0" bev="0" fileid="22" />
                <SequencePoint vc="0" uspid="295" ordinal="5" offset="169" sl="58" sc="13" el="58" ec="14" bec="0" bev="0" fileid="22" />
                <SequencePoint vc="0" uspid="296" ordinal="6" offset="170" sl="59" sc="17" el="59" ec="26" bec="0" bev="0" fileid="22" />
                <SequencePoint vc="1" uspid="297" ordinal="7" offset="203" sl="61" sc="9" el="61" ec="10" bec="0" bev="0" fileid="22" />
              </SequencePoints>
              <BranchPoints>
                <BranchPoint vc="1" uspid="298" ordinal="0" offset="17" sl="50" path="0" offsetchain="19" offsetend="23" fileid="22" />
                <BranchPoint vc="0" uspid="299" ordinal="1" offset="17" sl="50" path="1" offsetchain="21" offsetend="97" fileid="22" />
              </BranchPoints>
              <MethodPoint vc="1" uspid="302" ordinal="0" offset="0" />
            </Method>
            <Method visited="false" cyclomaticComplexity="1" nPathComplexity="0" sequenceCoverage="0" branchCoverage="0" isConstructor="false" isStatic="false" isGetter="false" isSetter="false">
              <Summary numSequencePoints="0" visitedSequencePoints="0" numBranchPoints="0" visitedBranchPoints="0" sequenceCoverage="0" branchCoverage="0" maxCyclomaticComplexity="1" minCyclomaticComplexity="1" visitedClasses="0" numClasses="0" visitedMethods="0" numMethods="0" />
              <MetadataToken>100663433</MetadataToken>
              <Name>System.Void Server.Infrastructure.Logic.PatientLogic/&lt;DeletePatientAsync&gt;d__2::SetStateMachine(System.Runtime.CompilerServices.IAsyncStateMachine)</Name>
              <SequencePoints />
              <BranchPoints />
              <MethodPoint vc="0" uspid="303" ordinal="0" offset="0" />
            </Method>
          </Methods>
        </Class>
        <Class>
          <Summary numSequencePoints="13" visitedSequencePoints="9" numBranchPoints="2" visitedBranchPoints="1" sequenceCoverage="69.23" branchCoverage="50" maxCyclomaticComplexity="1" minCyclomaticComplexity="1" visitedClasses="1" numClasses="1" visitedMethods="1" numMethods="2" />
          <FullName>Server.Infrastructure.Communications.SendGridSender</FullName>
          <Methods>
            <Method skippedDueTo="AutoImplementedProperty" visited="false" cyclomaticComplexity="1" nPathComplexity="0" sequenceCoverage="0" branchCoverage="0" isConstructor="false" isStatic="false" isGetter="true" isSetter="false">
              <MetadataToken>100663401</MetadataToken>
              <Name>Server.DataBaseCore.AppSettings.AppSettings Server.Infrastructure.Communications.SendGridSender::get_AppSettings()</Name>
              <FileRef uid="25" />
              <SequencePoints />
              <BranchPoints />
            </Method>
            <Method skippedDueTo="AutoImplementedProperty" visited="false" cyclomaticComplexity="1" nPathComplexity="0" sequenceCoverage="0" branchCoverage="0" isConstructor="false" isStatic="false" isGetter="false" isSetter="true">
              <MetadataToken>100663402</MetadataToken>
              <Name>System.Void Server.Infrastructure.Communications.SendGridSender::set_AppSettings(Server.DataBaseCore.AppSettings.AppSettings)</Name>
              <FileRef uid="25" />
              <SequencePoints />
              <BranchPoints />
            </Method>
            <Method visited="false" cyclomaticComplexity="1" nPathComplexity="0" sequenceCoverage="0" branchCoverage="0" isConstructor="true" isStatic="false" isGetter="false" isSetter="false">
              <Summary numSequencePoints="4" visitedSequencePoints="0" numBranchPoints="1" visitedBranchPoints="0" sequenceCoverage="0" branchCoverage="0" maxCyclomaticComplexity="1" minCyclomaticComplexity="1" visitedClasses="0" numClasses="0" visitedMethods="0" numMethods="1" />
              <MetadataToken>100663400</MetadataToken>
              <Name>System.Void Server.Infrastructure.Communications.SendGridSender::.ctor()</Name>
              <FileRef uid="25" />
              <SequencePoints>
                <SequencePoint vc="0" uspid="304" ordinal="0" offset="0" sl="11" sc="9" el="11" ec="32" bec="0" bev="0" fileid="25" />
                <SequencePoint vc="0" uspid="305" ordinal="1" offset="7" sl="12" sc="9" el="12" ec="10" bec="0" bev="0" fileid="25" />
                <SequencePoint vc="0" uspid="306" ordinal="2" offset="8" sl="13" sc="13" el="13" ec="49" bec="0" bev="0" fileid="25" />
                <SequencePoint vc="0" uspid="307" ordinal="3" offset="21" sl="14" sc="9" el="14" ec="10" bec="0" bev="0" fileid="25" />
              </SequencePoints>
              <BranchPoints />
              <MethodPoint xsi:type="SequencePoint" vc="0" uspid="304" ordinal="0" offset="0" sl="11" sc="9" el="11" ec="32" bec="0" bev="0" fileid="25" />
            </Method>
            <Method visited="true" cyclomaticComplexity="1" nPathComplexity="0" sequenceCoverage="100" branchCoverage="100" isConstructor="false" isStatic="true" isGetter="false" isSetter="false">
              <Summary numSequencePoints="9" visitedSequencePoints="9" numBranchPoints="1" visitedBranchPoints="1" sequenceCoverage="100" branchCoverage="100" maxCyclomaticComplexity="1" minCyclomaticComplexity="1" visitedClasses="0" numClasses="0" visitedMethods="1" numMethods="1" />
              <MetadataToken>100663403</MetadataToken>
              <Name>System.Threading.Tasks.Task`1&lt;SendGrid.Response&gt; Server.Infrastructure.Communications.SendGridSender::SendEmailAsync(SendGrid.SendGridClient,System.String,System.String,System.String,System.String)</Name>
              <FileRef uid="25" />
              <SequencePoints>
                <SequencePoint vc="1" uspid="308" ordinal="0" offset="0" sl="19" sc="9" el="19" ec="10" bec="0" bev="0" fileid="25" />
                <SequencePoint vc="1" uspid="309" ordinal="1" offset="1" sl="21" sc="13" el="21" ec="61" bec="0" bev="0" fileid="25" />
                <SequencePoint vc="1" uspid="310" ordinal="2" offset="9" sl="22" sc="13" el="22" ec="57" bec="0" bev="0" fileid="25" />
                <SequencePoint vc="1" uspid="311" ordinal="3" offset="17" sl="24" sc="13" el="28" ec="15" bec="0" bev="0" fileid="25" />
                <SequencePoint vc="1" uspid="312" ordinal="4" offset="92" sl="31" sc="13" el="31" ec="117" bec="0" bev="0" fileid="25" />
                <SequencePoint vc="1" uspid="313" ordinal="5" offset="122" sl="33" sc="13" el="33" ec="31" bec="0" bev="0" fileid="25" />
                <SequencePoint vc="1" uspid="314" ordinal="6" offset="132" sl="36" sc="13" el="36" ec="118" bec="0" bev="0" fileid="25" />
                <SequencePoint vc="1" uspid="315" ordinal="7" offset="169" sl="38" sc="13" el="38" ec="59" bec="0" bev="0" fileid="25" />
                <SequencePoint vc="1" uspid="316" ordinal="8" offset="190" sl="39" sc="9" el="39" ec="10" bec="0" bev="0" fileid="25" />
              </SequencePoints>
              <BranchPoints />
              <MethodPoint xsi:type="SequencePoint" vc="1" uspid="308" ordinal="0" offset="0" sl="19" sc="9" el="19" ec="10" bec="0" bev="0" fileid="25" />
            </Method>
          </Methods>
        </Class>
        <Class>
          <Summary numSequencePoints="21" visitedSequencePoints="0" numBranchPoints="5" visitedBranchPoints="0" sequenceCoverage="0" branchCoverage="0" maxCyclomaticComplexity="3" minCyclomaticComplexity="3" visitedClasses="0" numClasses="1" visitedMethods="0" numMethods="1" />
          <FullName>Server.Infrastructure.Classes.Reader</FullName>
          <Methods>
            <Method visited="false" cyclomaticComplexity="3" nPathComplexity="4" sequenceCoverage="0" branchCoverage="0" isConstructor="false" isStatic="true" isGetter="false" isSetter="false">
              <Summary numSequencePoints="21" visitedSequencePoints="0" numBranchPoints="5" visitedBranchPoints="0" sequenceCoverage="0" branchCoverage="0" maxCyclomaticComplexity="3" minCyclomaticComplexity="3" visitedClasses="0" numClasses="0" visitedMethods="0" numMethods="1" />
              <MetadataToken>100663404</MetadataToken>
              <Name>System.String[] Server.Infrastructure.Classes.Reader::GetData(System.IO.BinaryReader)</Name>
              <FileRef uid="26" />
              <SequencePoints>
                <SequencePoint vc="0" uspid="317" ordinal="0" offset="0" sl="9" sc="9" el="9" ec="10" bec="0" bev="0" fileid="26" />
                <SequencePoint vc="0" uspid="318" ordinal="1" offset="1" sl="11" sc="13" el="11" ec="14" bec="0" bev="0" fileid="26" />
                <SequencePoint vc="0" uspid="319" ordinal="2" offset="2" sl="12" sc="17" el="12" ec="99" bec="0" bev="0" fileid="26" />
                <SequencePoint vc="0" uspid="320" ordinal="3" offset="20" sl="14" sc="17" el="14" ec="55" bec="0" bev="0" fileid="26" />
                <SequencePoint vc="0" uspid="321" ordinal="4" offset="31" sl="16" sc="22" el="16" ec="31" bec="0" bev="0" fileid="26" />
                <SequencePoint vc="0" uspid="322" ordinal="5" offset="35" sl="17" sc="17" el="17" ec="18" bec="0" bev="0" fileid="26" />
                <SequencePoint vc="0" uspid="323" ordinal="6" offset="36" sl="19" sc="21" el="19" ec="97" bec="0" bev="0" fileid="26" />
                <SequencePoint vc="0" uspid="324" ordinal="7" offset="50" sl="20" sc="17" el="20" ec="18" bec="0" bev="0" fileid="26" />
                <SequencePoint vc="0" uspid="325" ordinal="8" offset="51" sl="16" sc="46" el="16" ec="49" bec="0" bev="0" fileid="26" />
                <SequencePoint vc="0" uspid="326" ordinal="9" offset="55" sl="16" sc="33" el="16" ec="44" bec="2" bev="0" fileid="26" />
                <SequencePoint vc="0" uspid="327" ordinal="10" offset="67" sl="22" sc="22" el="22" ec="34" bec="0" bev="0" fileid="26" />
                <SequencePoint vc="0" uspid="328" ordinal="11" offset="72" sl="23" sc="17" el="23" ec="18" bec="0" bev="0" fileid="26" />
                <SequencePoint vc="0" uspid="329" ordinal="12" offset="73" sl="24" sc="21" el="24" ec="81" bec="0" bev="0" fileid="26" />
                <SequencePoint vc="0" uspid="330" ordinal="13" offset="83" sl="25" sc="17" el="25" ec="18" bec="0" bev="0" fileid="26" />
                <SequencePoint vc="0" uspid="331" ordinal="14" offset="84" sl="22" sc="51" el="22" ec="57" bec="0" bev="0" fileid="26" />
                <SequencePoint vc="0" uspid="332" ordinal="15" offset="90" sl="22" sc="36" el="22" ec="49" bec="2" bev="0" fileid="26" />
                <SequencePoint vc="0" uspid="333" ordinal="16" offset="105" sl="27" sc="17" el="27" ec="32" bec="0" bev="0" fileid="26" />
                <SequencePoint vc="0" uspid="334" ordinal="17" offset="110" sl="29" sc="13" el="29" ec="33" bec="0" bev="0" fileid="26" />
                <SequencePoint vc="0" uspid="335" ordinal="18" offset="112" sl="30" sc="13" el="30" ec="14" bec="0" bev="0" fileid="26" />
                <SequencePoint vc="0" uspid="336" ordinal="19" offset="113" sl="31" sc="17" el="31" ec="65" bec="0" bev="0" fileid="26" />
                <SequencePoint vc="0" uspid="337" ordinal="20" offset="141" sl="33" sc="9" el="33" ec="10" bec="0" bev="0" fileid="26" />
              </SequencePoints>
              <BranchPoints>
                <BranchPoint vc="0" uspid="338" ordinal="0" offset="65" sl="16" path="0" offsetend="67" fileid="26" />
                <BranchPoint vc="0" uspid="339" ordinal="1" offset="65" sl="16" path="1" offsetend="35" fileid="26" />
                <BranchPoint vc="0" uspid="340" ordinal="2" offset="103" sl="22" path="0" offsetend="105" fileid="26" />
                <BranchPoint vc="0" uspid="341" ordinal="3" offset="103" sl="22" path="1" offsetend="72" fileid="26" />
              </BranchPoints>
              <MethodPoint xsi:type="SequencePoint" vc="0" uspid="317" ordinal="0" offset="0" sl="9" sc="9" el="9" ec="10" bec="0" bev="0" fileid="26" />
            </Method>
          </Methods>
        </Class>
      </Classes>
    </Module>
    <Module hash="62-4A-11-80-97-8D-07-75-3B-DC-C9-BF-D2-1B-28-56-5B-54-2A-84">
      <Summary numSequencePoints="0" visitedSequencePoints="0" numBranchPoints="0" visitedBranchPoints="0" sequenceCoverage="0" branchCoverage="0" maxCyclomaticComplexity="0" minCyclomaticComplexity="0" visitedClasses="0" numClasses="0" visitedMethods="0" numMethods="0" />
      <ModulePath>C:\Users\Андрей\.nuget\packages\moq\4.10.1\lib\netstandard1.3\Moq.dll</ModulePath>
      <ModuleTime>2018-12-03T17:19:18Z</ModuleTime>
      <ModuleName>Moq</ModuleName>
      <Files />
      <Classes />
    </Module>
  </Modules>
</CoverageSession>